[+] Containers:
 |- [+] Container: /Game/ThirdPerson/Maps/ThirdPersonMap
 |   |- [+] ActorDescs:
 |   |   |- Guid:013E359C4BBFA39B88C2C9B7C231DD4D BaseClass:/Game/Module/Blueprints/Material/TrafficLight_BP.TrafficLight_BP_C NativeClass:/Script/Engine.Actor Name:TrafficLight_BP_C_UAID_70A6CCB42B24497402_1090387854 Label:TrafficLight_BP SpatiallyLoaded:1 Bounds:IsValid=true, Min=(X=1397.625 Y=1465.374 Z=416.779), Max=(X=1573.470 Y=1568.812 Z=520.217) RuntimeGrid:None EditorOnly:0 RuntimeOnly:0 HLODRelevant:0 ListedInSceneOutliner:1 IsMainWorldOnly:0
 |   |   |- Guid:02F0979B4CFC150BB899F7B9EA2B0979 BaseClass: NativeClass:/Script/Engine.StaticMeshActor Name:StaticMeshActor_UAID_70A6CCB42B244D7402_1410920595 Label:shopk_tier_0 SpatiallyLoaded:1 Bounds:IsValid=true, Min=(X=1330.099 Y=1724.568 Z=-75.758), Max=(X=1504.571 Y=1885.633 Z=99.289) RuntimeGrid:None EditorOnly:0 RuntimeOnly:0 HLODRelevant:1 ListedInSceneOutliner:1 IsMainWorldOnly:0
 |   |   |- Guid:0C34BAE844B644761C45E9AE255ADB19 BaseClass: NativeClass:/Script/Engine.StaticMeshActor Name:StaticMeshActor_UAID_70A6CCB42B244D7402_1437963597 Label:SM_tewscfuda_tier_2 SpatiallyLoaded:1 Bounds:IsValid=true, Min=(X=1473.950 Y=1697.030 Z=-0.715), Max=(X=1536.105 Y=1763.580 Z=86.964) RuntimeGrid:None EditorOnly:0 RuntimeOnly:0 HLODRelevant:1 ListedInSceneOutliner:1 IsMainWorldOnly:0
 |   |   |- Guid:10E0C4D7410F08E13F34A280AA7D80F3 BaseClass: NativeClass:/Script/Engine.StaticMeshActor Name:StaticMeshActor_UAID_70A6CCB42B244C7402_2121144415 Label:trash_3 SpatiallyLoaded:1 Bounds:IsValid=true, Min=(X=2014.509 Y=1762.999 Z=-13.359), Max=(X=2107.200 Y=1854.355 Z=86.636) RuntimeGrid:None EditorOnly:0 RuntimeOnly:0 HLODRelevant:1 ListedInSceneOutliner:1 IsMainWorldOnly:0
 |   |   |- Guid:1E3AF0DD43F4E3BB329DBE8E956F38A3 BaseClass: NativeClass:/Script/Engine.StaticMeshActor Name:StaticMeshActor_UAID_70A6CCB42B244C7402_2115257414 Label:trash_2 SpatiallyLoaded:1 Bounds:IsValid=true, Min=(X=1954.509 Y=1802.999 Z=-13.359), Max=(X=2047.200 Y=1894.355 Z=86.636) RuntimeGrid:None EditorOnly:0 RuntimeOnly:0 HLODRelevant:1 ListedInSceneOutliner:1 IsMainWorldOnly:0
 |   |   |- Guid:2877E04647737609BEB403BEEF9A7EB9 BaseClass: NativeClass:/Script/Engine.StaticMeshActor Name:StaticMeshActor_UAID_70A6CCB42B244A7402_1331358038 Label:Cube4 SpatiallyLoaded:1 Bounds:IsValid=true, Min=(X=1524.866 Y=1232.461 Z=-62.899), Max=(X=1957.089 Y=1607.461 Z=37.101) RuntimeGrid:None EditorOnly:0 RuntimeOnly:0 HLODRelevant:1 ListedInSceneOutliner:1 IsMainWorldOnly:0
 |   |   |- Guid:2FB58999456391D349DC0F86DAC136ED BaseClass: NativeClass:/Script/Engine.SkyLight Name:SkyLight_1 Label:SkyLight SpatiallyLoaded:0 Bounds:IsValid=true, Min=(X=0.000 Y=0.000 Z=690.000), Max=(X=0.000 Y=0.000 Z=690.000) RuntimeGrid:None EditorOnly:0 RuntimeOnly:0 HLODRelevant:0 ListedInSceneOutliner:1 IsMainWorldOnly:0 FolderPath:Lighting FolderGuid:963EC3EB4002CCE9759E2EBA541A873A
 |   |   |- Guid:30AA9D9A4995E01787695587F5FE83FD BaseClass:/Game/Module/Blueprints/Material/TrafficLight_BP.TrafficLight_BP_C NativeClass:/Script/Engine.Actor Name:TrafficLight_BP_C_UAID_70A6CCB42B244A7402_1191828036 Label:TrafficLight_BP3 SpatiallyLoaded:1 Bounds:IsValid=true, Min=(X=2065.219 Y=1283.344 Z=416.779), Max=(X=2241.063 Y=1386.782 Z=520.217) RuntimeGrid:None EditorOnly:0 RuntimeOnly:0 HLODRelevant:0 ListedInSceneOutliner:1 IsMainWorldOnly:0
 |   |   |- Guid:316CF2A6494ACA4C0E4180A87D36AB8F BaseClass: NativeClass:/Script/Engine.ExponentialHeightFog Name:ExponentialHeightFog_0 Label:ExponentialHeightFog SpatiallyLoaded:0 Bounds:IsValid=true, Min=(X=-5600.000 Y=-50.000 Z=-6850.000), Max=(X=-5600.000 Y=-50.000 Z=-6850.000) RuntimeGrid:None EditorOnly:0 RuntimeOnly:0 HLODRelevant:0 ListedInSceneOutliner:1 IsMainWorldOnly:0 FolderPath:Lighting FolderGuid:963EC3EB4002CCE9759E2EBA541A873A
 |   |   |- Guid:3A00AA1C422CE54C0BDB60BAF471BFBB BaseClass: NativeClass:/Script/Engine.PlayerStart Name:PlayerStart_0 Label:PlayerStart SpatiallyLoaded:0 Bounds:IsValid=true, Min=(X=860.000 Y=1070.000 Z=0.013), Max=(X=940.000 Y=1150.000 Z=184.013) RuntimeGrid:None EditorOnly:0 RuntimeOnly:0 HLODRelevant:0 ListedInSceneOutliner:1 IsMainWorldOnly:0
 |   |   |- Guid:43815E84492231AFC407F59E3C28176B BaseClass: NativeClass:/Script/Engine.StaticMeshActor Name:StaticMeshActor_4 Label:SM_Cube6 SpatiallyLoaded:1 Bounds:IsValid=true, Min=(X=2900.000 Y=100.000 Z=0.000), Max=(X=3000.000 Y=3400.000 Z=400.000) RuntimeGrid:None EditorOnly:0 RuntimeOnly:0 HLODRelevant:1 ListedInSceneOutliner:1 IsMainWorldOnly:0 FolderPath:Playground FolderGuid:C73F09FC4215536B1DCE2A9E0A830C70
 |   |   |- Guid:496BDC0F405F92500F711386F736F440 BaseClass: NativeClass:/Script/Engine.StaticMeshActor Name:StaticMeshActor_UAID_70A6CCB42B244A7402_1647251045 Label:Cube12 SpatiallyLoaded:1 Bounds:IsValid=true, Min=(X=1976.608 Y=1660.002 Z=-3.335), Max=(X=2001.501 Y=1684.978 Z=499.849) RuntimeGrid:None EditorOnly:0 RuntimeOnly:0 HLODRelevant:1 ListedInSceneOutliner:1 IsMainWorldOnly:0
 |   |   |- Guid:4D3BE93F4146AAAC8BBE79999D96D57F BaseClass: NativeClass:/Script/Engine.VolumetricCloud Name:VolumetricCloud_0 Label:VolumetricCloud SpatiallyLoaded:0 Bounds:IsValid=true, Min=(X=0.000 Y=0.000 Z=820.000), Max=(X=0.000 Y=0.000 Z=820.000) RuntimeGrid:None EditorOnly:0 RuntimeOnly:0 HLODRelevant:0 ListedInSceneOutliner:1 IsMainWorldOnly:0 FolderPath:Lighting FolderGuid:963EC3EB4002CCE9759E2EBA541A873A
 |   |   |- Guid:4F49DFB3418F4A827899F6B19A562D44 BaseClass: NativeClass:/Script/Engine.StaticMeshActor Name:StaticMeshActor_UAID_70A6CCB42B244D7402_1442016598 Label:trash_4 SpatiallyLoaded:1 Bounds:IsValid=true, Min=(X=1953.169 Y=978.331 Z=-13.359), Max=(X=2080.733 Y=1105.507 Z=86.636) RuntimeGrid:None EditorOnly:0 RuntimeOnly:0 HLODRelevant:1 ListedInSceneOutliner:1 IsMainWorldOnly:0
 |   |   |- Guid:5A60E74B4C40D2D402DB7E9995427709 BaseClass: NativeClass:/Script/Engine.StaticMeshActor Name:StaticMeshActor_UAID_70A6CCB42B24487402_1989620676 Label:Cube SpatiallyLoaded:1 Bounds:IsValid=true, Min=(X=1446.500 Y=1177.420 Z=-3.335), Max=(X=1471.476 Y=1202.314 Z=499.849) RuntimeGrid:None EditorOnly:0 RuntimeOnly:0 HLODRelevant:1 ListedInSceneOutliner:1 IsMainWorldOnly:0
 |   |   |- Guid:5B97F4A64FB21F77EFC44386BF705B4C BaseClass: NativeClass:/Script/Engine.TextRenderActor Name:TextRenderActor_1 Label:TextRenderActor SpatiallyLoaded:1 Bounds:IsValid=true, Min=(X=-0.100 Y=1100.000 Z=65.013), Max=(X=-0.100 Y=2392.308 Z=215.013) RuntimeGrid:None EditorOnly:0 RuntimeOnly:0 HLODRelevant:0 ListedInSceneOutliner:1 IsMainWorldOnly:0
 |   |   |- Guid:6BAF4DDD444C60371492D3919DB42C97 BaseClass: NativeClass:/Script/Engine.WorldDataLayers Name:WorldDataLayers Label:WorldDataLayers SpatiallyLoaded:0 Bounds:IsValid=true, Min=(X=0.000 Y=0.000 Z=0.000), Max=(X=0.000 Y=0.000 Z=0.000) RuntimeGrid:None EditorOnly:0 RuntimeOnly:0 HLODRelevant:0 ListedInSceneOutliner:1 IsMainWorldOnly:1
 |   |   |- Guid:716ACDE64430929CC867CBB9BD1EFF00 BaseClass: NativeClass:/Script/Engine.StaticMeshActor Name:StaticMeshActor_UAID_70A6CCB42B244D7402_1351565594 Label:iz_49_clean_lowpoly SpatiallyLoaded:1 Bounds:IsValid=true, Min=(X=1635.322 Y=2146.758 Z=33.579), Max=(X=1816.612 Y=2395.700 Z=155.403) RuntimeGrid:None EditorOnly:0 RuntimeOnly:0 HLODRelevant:1 ListedInSceneOutliner:1 IsMainWorldOnly:0
 |   |   |- Guid:73BFF12C47864702724FD987A59581FC BaseClass: NativeClass:/Script/Engine.StaticMeshActor Name:StaticMeshActor_UAID_70A6CCB42B244D7402_1442018599 Label:trash_5 SpatiallyLoaded:1 Bounds:IsValid=true, Min=(X=2005.292 Y=1039.839 Z=-13.359), Max=(X=2132.856 Y=1167.015 Z=86.636) RuntimeGrid:None EditorOnly:0 RuntimeOnly:0 HLODRelevant:1 ListedInSceneOutliner:1 IsMainWorldOnly:0
 |   |   |- Guid:786EBE1F4361B0CA69F84A87EFED650A BaseClass: NativeClass:/Script/Engine.StaticMeshActor Name:StaticMeshActor_UAID_70A6CCB42B244D7402_1427890596 Label:shopk_tier_1 SpatiallyLoaded:1 Bounds:IsValid=true, Min=(X=802.282 Y=843.400 Z=-75.758), Max=(X=1036.913 Y=1080.193 Z=99.289) RuntimeGrid:None EditorOnly:0 RuntimeOnly:0 HLODRelevant:1 ListedInSceneOutliner:1 IsMainWorldOnly:0
 |   |   |- Guid:98F4BD8642BF75313F74B1879179AB85 BaseClass: NativeClass:/Script/Engine.StaticMeshActor Name:StaticMeshActor_UAID_70A6CCB42B244A7402_1191827035 Label:Cube6 SpatiallyLoaded:1 Bounds:IsValid=true, Min=(X=2166.847 Y=1307.050 Z=482.979), Max=(X=2192.108 Y=1658.376 Z=499.939) RuntimeGrid:None EditorOnly:0 RuntimeOnly:0 HLODRelevant:1 ListedInSceneOutliner:1 IsMainWorldOnly:0
 |   |   |- Guid:9963A32F4C5C53C41C158DAB5DD72B3D BaseClass: NativeClass:/Script/Engine.StaticMeshActor Name:StaticMeshActor_UAID_70A6CCB42B24487402_2033952677 Label:Cube2 SpatiallyLoaded:1 Bounds:IsValid=true, Min=(X=1446.581 Y=1193.781 Z=482.979), Max=(X=1471.841 Y=1545.107 Z=499.939) RuntimeGrid:None EditorOnly:0 RuntimeOnly:0 HLODRelevant:1 ListedInSceneOutliner:1 IsMainWorldOnly:0
 |   |   |- Guid:9CB7270D448FB0C1349595A0281D5730 BaseClass:/Game/Module/Blueprints/Material/TrafficLight_BP1.TrafficLight_BP1_C NativeClass:/Script/Engine.Actor Name:TrafficLight_BP1_C_UAID_70A6CCB42B244A7402_1705491049 Label:TrafficLight_BP5 SpatiallyLoaded:1 Bounds:IsValid=true, Min=(X=1775.000 Y=1491.371 Z=355.000), Max=(X=1925.000 Y=1746.371 Z=505.000) RuntimeGrid:None EditorOnly:0 RuntimeOnly:0 HLODRelevant:0 ListedInSceneOutliner:1 IsMainWorldOnly:0
 |   |   |- Guid:9FE0ED6744AA40756348BEA4D1433156 BaseClass:/Game/Module/Blueprints/Material/TrafficLight_BP1.TrafficLight_BP1_C NativeClass:/Script/Engine.Actor Name:TrafficLight_BP1_C_UAID_70A6CCB42B244A7402_1722602056 Label:TrafficLight_BP7 SpatiallyLoaded:1 Bounds:IsValid=true, Min=(X=1595.000 Y=1051.072 Z=355.000), Max=(X=1745.000 Y=1306.072 Z=505.000) RuntimeGrid:None EditorOnly:0 RuntimeOnly:0 HLODRelevant:0 ListedInSceneOutliner:1 IsMainWorldOnly:0
 |   |   |- Guid:A4AA07A94CEFC56409EC6684349BA1FC BaseClass: NativeClass:/Script/Engine.StaticMeshActor Name:StaticMeshActor_UAID_70A6CCB42B244D7402_1077426592 Label:SM_tewscfuda_tier_0 SpatiallyLoaded:1 Bounds:IsValid=true, Min=(X=2059.000 Y=1697.030 Z=-0.715), Max=(X=2121.156 Y=1763.580 Z=86.964) RuntimeGrid:None EditorOnly:0 RuntimeOnly:0 HLODRelevant:1 ListedInSceneOutliner:1 IsMainWorldOnly:0
 |   |   |- Guid:A56216954B2165CF0F35A886B537D536 BaseClass: NativeClass:/Script/Engine.StaticMeshActor Name:StaticMeshActor_0 Label:SM_Cube5 SpatiallyLoaded:1 Bounds:IsValid=true, Min=(X=-0.000 Y=100.000 Z=0.000), Max=(X=100.000 Y=3400.000 Z=400.000) RuntimeGrid:None EditorOnly:0 RuntimeOnly:0 HLODRelevant:1 ListedInSceneOutliner:1 IsMainWorldOnly:0 FolderPath:Playground FolderGuid:C73F09FC4215536B1DCE2A9E0A830C70
 |   |   |- Guid:A5DDCCAD44446E4F15B4A4B03A96C4D4 BaseClass: NativeClass:/Script/Engine.StaticMeshActor Name:StaticMeshActor_UAID_70A6CCB42B244C7402_1194159411 Label:Cube16 SpatiallyLoaded:1 Bounds:IsValid=true, Min=(X=674.866 Y=1232.461 Z=-62.899), Max=(X=1107.089 Y=1607.461 Z=37.101) RuntimeGrid:None EditorOnly:0 RuntimeOnly:0 HLODRelevant:1 ListedInSceneOutliner:1 IsMainWorldOnly:0
 |   |   |- Guid:A627249E48CCF5839ED5C4AD64CEFE40 BaseClass: NativeClass:/Script/Engine.StaticMeshActor Name:StaticMeshActor_UAID_70A6CCB42B244A7402_1139700032 Label:Cube3 SpatiallyLoaded:1 Bounds:IsValid=true, Min=(X=1094.866 Y=1232.461 Z=-62.899), Max=(X=1527.089 Y=1607.461 Z=37.101) RuntimeGrid:None EditorOnly:0 RuntimeOnly:0 HLODRelevant:1 ListedInSceneOutliner:1 IsMainWorldOnly:0
 |   |   |- Guid:B5C864E74AAAA6ECC423DA8AE63FBF0E BaseClass: NativeClass:/Script/Engine.StaticMeshActor Name:StaticMeshActor_UAID_70A6CCB42B244A7402_1334826039 Label:Cube7 SpatiallyLoaded:1 Bounds:IsValid=true, Min=(X=1954.866 Y=1232.461 Z=-62.899), Max=(X=2387.089 Y=1607.461 Z=37.101) RuntimeGrid:None EditorOnly:0 RuntimeOnly:0 HLODRelevant:1 ListedInSceneOutliner:1 IsMainWorldOnly:0
 |   |   |- Guid:B785ED2844B84CFB91E7F39FE661CD99 BaseClass: NativeClass:/Script/Engine.DirectionalLight Name:DirectionalLight_0 Label:DirectionalLight SpatiallyLoaded:0 Bounds:IsValid=true, Min=(X=-1048576.000 Y=-1048576.000 Z=-1048576.000), Max=(X=1048576.000 Y=1048576.000 Z=1048576.000) RuntimeGrid:None EditorOnly:0 RuntimeOnly:0 HLODRelevant:0 ListedInSceneOutliner:1 IsMainWorldOnly:0 FolderPath:Lighting FolderGuid:963EC3EB4002CCE9759E2EBA541A873A
 |   |   |- Guid:B90DB5634BDE85E87AC7AA824FC0DD65 BaseClass: NativeClass:/Script/Engine.StaticMeshActor Name:StaticMeshActor_UAID_70A6CCB42B244A7402_1647254046 Label:Cube13 SpatiallyLoaded:1 Bounds:IsValid=true, Min=(X=1633.815 Y=1660.083 Z=482.979), Max=(X=1985.140 Y=1685.343 Z=499.939) RuntimeGrid:None EditorOnly:0 RuntimeOnly:0 HLODRelevant:1 ListedInSceneOutliner:1 IsMainWorldOnly:0
 |   |   |- Guid:BACA3BDE4A7C5E2E111A44BDD65EB0BC BaseClass: NativeClass:/Script/Engine.StaticMeshActor Name:StaticMeshActor_UAID_70A6CCB42B244A7402_1362349042 Label:Cube9 SpatiallyLoaded:1 Bounds:IsValid=true, Min=(X=1563.477 Y=2033.849 Z=-62.899), Max=(X=1938.477 Y=2466.072 Z=37.101) RuntimeGrid:None EditorOnly:0 RuntimeOnly:0 HLODRelevant:1 ListedInSceneOutliner:1 IsMainWorldOnly:0
 |   |   |- Guid:BB14A1EB47C5229688325BBDE6F0125F BaseClass: NativeClass:/Script/Engine.StaticMeshActor Name:StaticMeshActor_UAID_70A6CCB42B244A7402_1367098043 Label:Cube10 SpatiallyLoaded:1 Bounds:IsValid=true, Min=(X=1563.477 Y=803.849 Z=-62.899), Max=(X=1938.477 Y=1236.072 Z=37.101) RuntimeGrid:None EditorOnly:0 RuntimeOnly:0 HLODRelevant:1 ListedInSceneOutliner:1 IsMainWorldOnly:0
 |   |   |- Guid:BC08B79C4EA3C961CFF75EBBE83B367D BaseClass: NativeClass:/Script/Engine.StaticMeshActor Name:StaticMeshActor_5 Label:SM_Cube2 SpatiallyLoaded:1 Bounds:IsValid=true, Min=(X=0.000 Y=0.000 Z=0.000), Max=(X=3000.000 Y=100.000 Z=400.000) RuntimeGrid:None EditorOnly:0 RuntimeOnly:0 HLODRelevant:1 ListedInSceneOutliner:1 IsMainWorldOnly:0 FolderPath:Playground FolderGuid:C73F09FC4215536B1DCE2A9E0A830C70
 |   |   |- Guid:C23CA42C4F2E1099425BCCA421D73F0F BaseClass: NativeClass:/Script/Engine.StaticMeshActor Name:StaticMeshActor_UAID_70A6CCB42B244C7402_1200960412 Label:Cube17 SpatiallyLoaded:1 Bounds:IsValid=true, Min=(X=2384.866 Y=1232.461 Z=-62.899), Max=(X=2817.089 Y=1607.461 Z=37.101) RuntimeGrid:None EditorOnly:0 RuntimeOnly:0 HLODRelevant:1 ListedInSceneOutliner:1 IsMainWorldOnly:0
 |   |   |- Guid:CCFF262C46EEFFDF319E7F9539CE697E BaseClass: NativeClass:/Script/Engine.SkyAtmosphere Name:SkyAtmosphere_0 Label:SkyAtmosphere SpatiallyLoaded:0 Bounds:IsValid=true, Min=(X=0.000 Y=0.000 Z=1020.000), Max=(X=0.000 Y=0.000 Z=1020.000) RuntimeGrid:None EditorOnly:0 RuntimeOnly:0 HLODRelevant:0 ListedInSceneOutliner:1 IsMainWorldOnly:0 FolderPath:Lighting FolderGuid:963EC3EB4002CCE9759E2EBA541A873A
 |   |   |- Guid:CEEF98AD41728FA8F236D0AC8C5F7244 BaseClass: NativeClass:/Script/Engine.StaticMeshActor Name:StaticMeshActor_UAID_70A6CCB42B244A7402_1722599054 Label:Cube15 SpatiallyLoaded:1 Bounds:IsValid=true, Min=(X=1534.860 Y=1104.657 Z=482.979), Max=(X=1886.185 Y=1129.917 Z=499.939) RuntimeGrid:None EditorOnly:0 RuntimeOnly:0 HLODRelevant:1 ListedInSceneOutliner:1 IsMainWorldOnly:0
 |   |   |- Guid:DEDE4A3F4AFAA66C6D7F9294D0669739 BaseClass: NativeClass:/Script/Engine.StaticMeshActor Name:StaticMeshActor_UAID_70A6CCB42B244A7402_1191825034 Label:Cube5 SpatiallyLoaded:1 Bounds:IsValid=true, Min=(X=2167.213 Y=1649.843 Z=-3.335), Max=(X=2192.188 Y=1674.737 Z=499.849) RuntimeGrid:None EditorOnly:0 RuntimeOnly:0 HLODRelevant:1 ListedInSceneOutliner:1 IsMainWorldOnly:0
 |   |   |- Guid:E25590524C766626DA27BAABA70CE93D BaseClass: NativeClass:/Script/Engine.StaticMeshActor Name:StaticMeshActor_UAID_70A6CCB42B244A7402_1722598053 Label:Cube14 SpatiallyLoaded:1 Bounds:IsValid=true, Min=(X=1518.499 Y=1105.022 Z=-3.335), Max=(X=1543.392 Y=1129.998 Z=499.849) RuntimeGrid:None EditorOnly:0 RuntimeOnly:0 HLODRelevant:1 ListedInSceneOutliner:1 IsMainWorldOnly:0
 |   |   |- Guid:E728D89A4AF2381F9BF3189D117642C0 BaseClass: NativeClass:/Script/Engine.StaticMeshActor Name:StaticMeshActor_UAID_70A6CCB42B244C7402_2104335413 Label:trash_1 SpatiallyLoaded:1 Bounds:IsValid=true, Min=(X=1944.509 Y=1722.999 Z=-13.359), Max=(X=2037.200 Y=1814.355 Z=86.636) RuntimeGrid:None EditorOnly:0 RuntimeOnly:0 HLODRelevant:1 ListedInSceneOutliner:1 IsMainWorldOnly:0
 |   |   |- Guid:E7BD3D26423FEBD806334E8BEC0BB095 BaseClass: NativeClass:/Script/Engine.StaticMeshActor Name:StaticMeshActor_UAID_70A6CCB42B244A7402_1351377041 Label:Cube8 SpatiallyLoaded:1 Bounds:IsValid=true, Min=(X=1563.477 Y=1603.849 Z=-62.899), Max=(X=1938.477 Y=2036.072 Z=37.101) RuntimeGrid:None EditorOnly:0 RuntimeOnly:0 HLODRelevant:1 ListedInSceneOutliner:1 IsMainWorldOnly:0
 |   |   |- Guid:E972748146BE23BDAFB129A596D53A9A BaseClass: NativeClass:/Script/Engine.StaticMeshActor Name:StaticMeshActor_UAID_70A6CCB42B244A7402_1372149044 Label:Cube11 SpatiallyLoaded:1 Bounds:IsValid=true, Min=(X=1563.477 Y=373.849 Z=-62.899), Max=(X=1938.477 Y=806.072 Z=37.101) RuntimeGrid:None EditorOnly:0 RuntimeOnly:0 HLODRelevant:1 ListedInSceneOutliner:1 IsMainWorldOnly:0
 |   |   |- Guid:EC4E0C944CE6AC6E784BC6BB2916EA13 BaseClass: NativeClass:/Script/Engine.StaticMeshActor Name:StaticMeshActor_UAID_A4AE111137DC5EFB00_1110535423 Label:SM_SkySphere SpatiallyLoaded:0 Bounds:IsValid=true, Min=(X=-1638400.000 Y=-1638400.000 Z=-1638400.000), Max=(X=1638400.000 Y=1638400.000 Z=1638400.000) RuntimeGrid:None EditorOnly:0 RuntimeOnly:0 HLODRelevant:1 ListedInSceneOutliner:1 IsMainWorldOnly:0 FolderPath:Lighting FolderGuid:963EC3EB4002CCE9759E2EBA541A873A
 |   |   |- Guid:F1924B8D48954B30891B2DB6A694F9CC BaseClass: NativeClass:/Script/Engine.StaticMeshActor Name:StaticMeshActor_1 Label:SM_Cube SpatiallyLoaded:1 Bounds:IsValid=true, Min=(X=0.000 Y=0.000 Z=-50.000), Max=(X=3000.000 Y=3500.000 Z=0.000) RuntimeGrid:None EditorOnly:0 RuntimeOnly:0 HLODRelevant:1 ListedInSceneOutliner:1 IsMainWorldOnly:0 FolderPath:Playground FolderGuid:C73F09FC4215536B1DCE2A9E0A830C70
 |   |   |- Guid:F5736B814CB8F7046AB97CBAB6020098 BaseClass: NativeClass:/Script/Engine.StaticMeshActor Name:StaticMeshActor_UAID_70A6CCB42B244D7402_1448777600 Label:trash_6 SpatiallyLoaded:1 Bounds:IsValid=true, Min=(X=1362.407 Y=978.331 Z=-13.359), Max=(X=1489.970 Y=1105.507 Z=86.636) RuntimeGrid:None EditorOnly:0 RuntimeOnly:0 HLODRelevant:1 ListedInSceneOutliner:1 IsMainWorldOnly:0
 |   |   |- Guid:F5E3FEB3450C49844FD93DA8E083C8AD BaseClass: NativeClass:/Script/Engine.PostProcessVolume Name:PostProcessVolume_0 Label:PostProcessVolume SpatiallyLoaded:0 Bounds:IsValid=true, Min=(X=0.000 Y=0.000 Z=400.000), Max=(X=200.000 Y=200.000 Z=600.000) RuntimeGrid:None EditorOnly:0 RuntimeOnly:0 HLODRelevant:0 ListedInSceneOutliner:1 IsMainWorldOnly:0 FolderPath:Lighting FolderGuid:963EC3EB4002CCE9759E2EBA541A873A
 |   |   |- Guid:FAF31FFE45E0C4F2BC30608486FC0D8D BaseClass: NativeClass:/Script/Engine.StaticMeshActor Name:StaticMeshActor_UAID_70A6CCB42B244D7402_1079190593 Label:SM_tewscfuda_tier_1 SpatiallyLoaded:1 Bounds:IsValid=true, Min=(X=1934.818 Y=1884.941 Z=-0.715), Max=(X=2025.750 Y=1975.332 Z=86.964) RuntimeGrid:None EditorOnly:0 RuntimeOnly:0 HLODRelevant:1 ListedInSceneOutliner:1 IsMainWorldOnly:0
 |   |   |- Guid:FF698C67459ADB4982D7759C0905EE9F BaseClass: NativeClass:/Script/Engine.StaticMeshActor Name:StaticMeshActor_6 Label:SM_Cube3 SpatiallyLoaded:1 Bounds:IsValid=true, Min=(X=0.000 Y=3400.000 Z=0.000), Max=(X=3000.000 Y=3500.000 Z=400.000) RuntimeGrid:None EditorOnly:0 RuntimeOnly:0 HLODRelevant:1 ListedInSceneOutliner:1 IsMainWorldOnly:0 FolderPath:Playground FolderGuid:C73F09FC4215536B1DCE2A9E0A830C70
 |   |- [+] Clusters:
 |   |   |- [+] [  0]
 |   |   |   |- Guid:013E359C4BBFA39B88C2C9B7C231DD4D BaseClass:/Game/Module/Blueprints/Material/TrafficLight_BP.TrafficLight_BP_C NativeClass:/Script/Engine.Actor Name:TrafficLight_BP_C_UAID_70A6CCB42B24497402_1090387854 Label:TrafficLight_BP SpatiallyLoaded:1 Bounds:IsValid=true, Min=(X=1397.625 Y=1465.374 Z=416.779), Max=(X=1573.470 Y=1568.812 Z=520.217) RuntimeGrid:None EditorOnly:0 RuntimeOnly:0 HLODRelevant:0 ListedInSceneOutliner:1 IsMainWorldOnly:0
 |   |   |- [+] [  1]
 |   |   |   |- Guid:02F0979B4CFC150BB899F7B9EA2B0979 BaseClass: NativeClass:/Script/Engine.StaticMeshActor Name:StaticMeshActor_UAID_70A6CCB42B244D7402_1410920595 Label:shopk_tier_0 SpatiallyLoaded:1 Bounds:IsValid=true, Min=(X=1330.099 Y=1724.568 Z=-75.758), Max=(X=1504.571 Y=1885.633 Z=99.289) RuntimeGrid:None EditorOnly:0 RuntimeOnly:0 HLODRelevant:1 ListedInSceneOutliner:1 IsMainWorldOnly:0
 |   |   |- [+] [  2]
 |   |   |   |- Guid:0C34BAE844B644761C45E9AE255ADB19 BaseClass: NativeClass:/Script/Engine.StaticMeshActor Name:StaticMeshActor_UAID_70A6CCB42B244D7402_1437963597 Label:SM_tewscfuda_tier_2 SpatiallyLoaded:1 Bounds:IsValid=true, Min=(X=1473.950 Y=1697.030 Z=-0.715), Max=(X=1536.105 Y=1763.580 Z=86.964) RuntimeGrid:None EditorOnly:0 RuntimeOnly:0 HLODRelevant:1 ListedInSceneOutliner:1 IsMainWorldOnly:0
 |   |   |- [+] [  3]
 |   |   |   |- Guid:10E0C4D7410F08E13F34A280AA7D80F3 BaseClass: NativeClass:/Script/Engine.StaticMeshActor Name:StaticMeshActor_UAID_70A6CCB42B244C7402_2121144415 Label:trash_3 SpatiallyLoaded:1 Bounds:IsValid=true, Min=(X=2014.509 Y=1762.999 Z=-13.359), Max=(X=2107.200 Y=1854.355 Z=86.636) RuntimeGrid:None EditorOnly:0 RuntimeOnly:0 HLODRelevant:1 ListedInSceneOutliner:1 IsMainWorldOnly:0
 |   |   |- [+] [  4]
 |   |   |   |- Guid:1E3AF0DD43F4E3BB329DBE8E956F38A3 BaseClass: NativeClass:/Script/Engine.StaticMeshActor Name:StaticMeshActor_UAID_70A6CCB42B244C7402_2115257414 Label:trash_2 SpatiallyLoaded:1 Bounds:IsValid=true, Min=(X=1954.509 Y=1802.999 Z=-13.359), Max=(X=2047.200 Y=1894.355 Z=86.636) RuntimeGrid:None EditorOnly:0 RuntimeOnly:0 HLODRelevant:1 ListedInSceneOutliner:1 IsMainWorldOnly:0
 |   |   |- [+] [  5]
 |   |   |   |- Guid:2877E04647737609BEB403BEEF9A7EB9 BaseClass: NativeClass:/Script/Engine.StaticMeshActor Name:StaticMeshActor_UAID_70A6CCB42B244A7402_1331358038 Label:Cube4 SpatiallyLoaded:1 Bounds:IsValid=true, Min=(X=1524.866 Y=1232.461 Z=-62.899), Max=(X=1957.089 Y=1607.461 Z=37.101) RuntimeGrid:None EditorOnly:0 RuntimeOnly:0 HLODRelevant:1 ListedInSceneOutliner:1 IsMainWorldOnly:0
 |   |   |- [+] [  6]
 |   |   |   |- Guid:2FB58999456391D349DC0F86DAC136ED BaseClass: NativeClass:/Script/Engine.SkyLight Name:SkyLight_1 Label:SkyLight SpatiallyLoaded:0 Bounds:IsValid=true, Min=(X=0.000 Y=0.000 Z=690.000), Max=(X=0.000 Y=0.000 Z=690.000) RuntimeGrid:None EditorOnly:0 RuntimeOnly:0 HLODRelevant:0 ListedInSceneOutliner:1 IsMainWorldOnly:0 FolderPath:Lighting FolderGuid:963EC3EB4002CCE9759E2EBA541A873A
 |   |   |- [+] [  7]
 |   |   |   |- Guid:30AA9D9A4995E01787695587F5FE83FD BaseClass:/Game/Module/Blueprints/Material/TrafficLight_BP.TrafficLight_BP_C NativeClass:/Script/Engine.Actor Name:TrafficLight_BP_C_UAID_70A6CCB42B244A7402_1191828036 Label:TrafficLight_BP3 SpatiallyLoaded:1 Bounds:IsValid=true, Min=(X=2065.219 Y=1283.344 Z=416.779), Max=(X=2241.063 Y=1386.782 Z=520.217) RuntimeGrid:None EditorOnly:0 RuntimeOnly:0 HLODRelevant:0 ListedInSceneOutliner:1 IsMainWorldOnly:0
 |   |   |- [+] [  8]
 |   |   |   |- Guid:316CF2A6494ACA4C0E4180A87D36AB8F BaseClass: NativeClass:/Script/Engine.ExponentialHeightFog Name:ExponentialHeightFog_0 Label:ExponentialHeightFog SpatiallyLoaded:0 Bounds:IsValid=true, Min=(X=-5600.000 Y=-50.000 Z=-6850.000), Max=(X=-5600.000 Y=-50.000 Z=-6850.000) RuntimeGrid:None EditorOnly:0 RuntimeOnly:0 HLODRelevant:0 ListedInSceneOutliner:1 IsMainWorldOnly:0 FolderPath:Lighting FolderGuid:963EC3EB4002CCE9759E2EBA541A873A
 |   |   |- [+] [  9]
 |   |   |   |- Guid:3A00AA1C422CE54C0BDB60BAF471BFBB BaseClass: NativeClass:/Script/Engine.PlayerStart Name:PlayerStart_0 Label:PlayerStart SpatiallyLoaded:0 Bounds:IsValid=true, Min=(X=860.000 Y=1070.000 Z=0.013), Max=(X=940.000 Y=1150.000 Z=184.013) RuntimeGrid:None EditorOnly:0 RuntimeOnly:0 HLODRelevant:0 ListedInSceneOutliner:1 IsMainWorldOnly:0
 |   |   |- [+] [ 10]
 |   |   |   |- Guid:43815E84492231AFC407F59E3C28176B BaseClass: NativeClass:/Script/Engine.StaticMeshActor Name:StaticMeshActor_4 Label:SM_Cube6 SpatiallyLoaded:1 Bounds:IsValid=true, Min=(X=2900.000 Y=100.000 Z=0.000), Max=(X=3000.000 Y=3400.000 Z=400.000) RuntimeGrid:None EditorOnly:0 RuntimeOnly:0 HLODRelevant:1 ListedInSceneOutliner:1 IsMainWorldOnly:0 FolderPath:Playground FolderGuid:C73F09FC4215536B1DCE2A9E0A830C70
 |   |   |- [+] [ 11]
 |   |   |   |- Guid:496BDC0F405F92500F711386F736F440 BaseClass: NativeClass:/Script/Engine.StaticMeshActor Name:StaticMeshActor_UAID_70A6CCB42B244A7402_1647251045 Label:Cube12 SpatiallyLoaded:1 Bounds:IsValid=true, Min=(X=1976.608 Y=1660.002 Z=-3.335), Max=(X=2001.501 Y=1684.978 Z=499.849) RuntimeGrid:None EditorOnly:0 RuntimeOnly:0 HLODRelevant:1 ListedInSceneOutliner:1 IsMainWorldOnly:0
 |   |   |- [+] [ 12]
 |   |   |   |- Guid:4D3BE93F4146AAAC8BBE79999D96D57F BaseClass: NativeClass:/Script/Engine.VolumetricCloud Name:VolumetricCloud_0 Label:VolumetricCloud SpatiallyLoaded:0 Bounds:IsValid=true, Min=(X=0.000 Y=0.000 Z=820.000), Max=(X=0.000 Y=0.000 Z=820.000) RuntimeGrid:None EditorOnly:0 RuntimeOnly:0 HLODRelevant:0 ListedInSceneOutliner:1 IsMainWorldOnly:0 FolderPath:Lighting FolderGuid:963EC3EB4002CCE9759E2EBA541A873A
 |   |   |- [+] [ 13]
 |   |   |   |- Guid:4F49DFB3418F4A827899F6B19A562D44 BaseClass: NativeClass:/Script/Engine.StaticMeshActor Name:StaticMeshActor_UAID_70A6CCB42B244D7402_1442016598 Label:trash_4 SpatiallyLoaded:1 Bounds:IsValid=true, Min=(X=1953.169 Y=978.331 Z=-13.359), Max=(X=2080.733 Y=1105.507 Z=86.636) RuntimeGrid:None EditorOnly:0 RuntimeOnly:0 HLODRelevant:1 ListedInSceneOutliner:1 IsMainWorldOnly:0
 |   |   |- [+] [ 14]
 |   |   |   |- Guid:5A60E74B4C40D2D402DB7E9995427709 BaseClass: NativeClass:/Script/Engine.StaticMeshActor Name:StaticMeshActor_UAID_70A6CCB42B24487402_1989620676 Label:Cube SpatiallyLoaded:1 Bounds:IsValid=true, Min=(X=1446.500 Y=1177.420 Z=-3.335), Max=(X=1471.476 Y=1202.314 Z=499.849) RuntimeGrid:None EditorOnly:0 RuntimeOnly:0 HLODRelevant:1 ListedInSceneOutliner:1 IsMainWorldOnly:0
 |   |   |- [+] [ 15]
 |   |   |   |- Guid:5B97F4A64FB21F77EFC44386BF705B4C BaseClass: NativeClass:/Script/Engine.TextRenderActor Name:TextRenderActor_1 Label:TextRenderActor SpatiallyLoaded:1 Bounds:IsValid=true, Min=(X=-0.100 Y=1100.000 Z=65.013), Max=(X=-0.100 Y=2392.308 Z=215.013) RuntimeGrid:None EditorOnly:0 RuntimeOnly:0 HLODRelevant:0 ListedInSceneOutliner:1 IsMainWorldOnly:0
 |   |   |- [+] [ 16]
 |   |   |   |- Guid:6BAF4DDD444C60371492D3919DB42C97 BaseClass: NativeClass:/Script/Engine.WorldDataLayers Name:WorldDataLayers Label:WorldDataLayers SpatiallyLoaded:0 Bounds:IsValid=true, Min=(X=0.000 Y=0.000 Z=0.000), Max=(X=0.000 Y=0.000 Z=0.000) RuntimeGrid:None EditorOnly:0 RuntimeOnly:0 HLODRelevant:0 ListedInSceneOutliner:1 IsMainWorldOnly:1
 |   |   |- [+] [ 17]
 |   |   |   |- Guid:716ACDE64430929CC867CBB9BD1EFF00 BaseClass: NativeClass:/Script/Engine.StaticMeshActor Name:StaticMeshActor_UAID_70A6CCB42B244D7402_1351565594 Label:iz_49_clean_lowpoly SpatiallyLoaded:1 Bounds:IsValid=true, Min=(X=1635.322 Y=2146.758 Z=33.579), Max=(X=1816.612 Y=2395.700 Z=155.403) RuntimeGrid:None EditorOnly:0 RuntimeOnly:0 HLODRelevant:1 ListedInSceneOutliner:1 IsMainWorldOnly:0
 |   |   |- [+] [ 18]
 |   |   |   |- Guid:73BFF12C47864702724FD987A59581FC BaseClass: NativeClass:/Script/Engine.StaticMeshActor Name:StaticMeshActor_UAID_70A6CCB42B244D7402_1442018599 Label:trash_5 SpatiallyLoaded:1 Bounds:IsValid=true, Min=(X=2005.292 Y=1039.839 Z=-13.359), Max=(X=2132.856 Y=1167.015 Z=86.636) RuntimeGrid:None EditorOnly:0 RuntimeOnly:0 HLODRelevant:1 ListedInSceneOutliner:1 IsMainWorldOnly:0
 |   |   |- [+] [ 19]
 |   |   |   |- Guid:786EBE1F4361B0CA69F84A87EFED650A BaseClass: NativeClass:/Script/Engine.StaticMeshActor Name:StaticMeshActor_UAID_70A6CCB42B244D7402_1427890596 Label:shopk_tier_1 SpatiallyLoaded:1 Bounds:IsValid=true, Min=(X=802.282 Y=843.400 Z=-75.758), Max=(X=1036.913 Y=1080.193 Z=99.289) RuntimeGrid:None EditorOnly:0 RuntimeOnly:0 HLODRelevant:1 ListedInSceneOutliner:1 IsMainWorldOnly:0
 |   |   |- [+] [ 20]
 |   |   |   |- Guid:98F4BD8642BF75313F74B1879179AB85 BaseClass: NativeClass:/Script/Engine.StaticMeshActor Name:StaticMeshActor_UAID_70A6CCB42B244A7402_1191827035 Label:Cube6 SpatiallyLoaded:1 Bounds:IsValid=true, Min=(X=2166.847 Y=1307.050 Z=482.979), Max=(X=2192.108 Y=1658.376 Z=499.939) RuntimeGrid:None EditorOnly:0 RuntimeOnly:0 HLODRelevant:1 ListedInSceneOutliner:1 IsMainWorldOnly:0
 |   |   |- [+] [ 21]
 |   |   |   |- Guid:9963A32F4C5C53C41C158DAB5DD72B3D BaseClass: NativeClass:/Script/Engine.StaticMeshActor Name:StaticMeshActor_UAID_70A6CCB42B24487402_2033952677 Label:Cube2 SpatiallyLoaded:1 Bounds:IsValid=true, Min=(X=1446.581 Y=1193.781 Z=482.979), Max=(X=1471.841 Y=1545.107 Z=499.939) RuntimeGrid:None EditorOnly:0 RuntimeOnly:0 HLODRelevant:1 ListedInSceneOutliner:1 IsMainWorldOnly:0
 |   |   |- [+] [ 22]
 |   |   |   |- Guid:9CB7270D448FB0C1349595A0281D5730 BaseClass:/Game/Module/Blueprints/Material/TrafficLight_BP1.TrafficLight_BP1_C NativeClass:/Script/Engine.Actor Name:TrafficLight_BP1_C_UAID_70A6CCB42B244A7402_1705491049 Label:TrafficLight_BP5 SpatiallyLoaded:1 Bounds:IsValid=true, Min=(X=1775.000 Y=1491.371 Z=355.000), Max=(X=1925.000 Y=1746.371 Z=505.000) RuntimeGrid:None EditorOnly:0 RuntimeOnly:0 HLODRelevant:0 ListedInSceneOutliner:1 IsMainWorldOnly:0
 |   |   |- [+] [ 23]
 |   |   |   |- Guid:9FE0ED6744AA40756348BEA4D1433156 BaseClass:/Game/Module/Blueprints/Material/TrafficLight_BP1.TrafficLight_BP1_C NativeClass:/Script/Engine.Actor Name:TrafficLight_BP1_C_UAID_70A6CCB42B244A7402_1722602056 Label:TrafficLight_BP7 SpatiallyLoaded:1 Bounds:IsValid=true, Min=(X=1595.000 Y=1051.072 Z=355.000), Max=(X=1745.000 Y=1306.072 Z=505.000) RuntimeGrid:None EditorOnly:0 RuntimeOnly:0 HLODRelevant:0 ListedInSceneOutliner:1 IsMainWorldOnly:0
 |   |   |- [+] [ 24]
 |   |   |   |- Guid:A4AA07A94CEFC56409EC6684349BA1FC BaseClass: NativeClass:/Script/Engine.StaticMeshActor Name:StaticMeshActor_UAID_70A6CCB42B244D7402_1077426592 Label:SM_tewscfuda_tier_0 SpatiallyLoaded:1 Bounds:IsValid=true, Min=(X=2059.000 Y=1697.030 Z=-0.715), Max=(X=2121.156 Y=1763.580 Z=86.964) RuntimeGrid:None EditorOnly:0 RuntimeOnly:0 HLODRelevant:1 ListedInSceneOutliner:1 IsMainWorldOnly:0
 |   |   |- [+] [ 25]
 |   |   |   |- Guid:A56216954B2165CF0F35A886B537D536 BaseClass: NativeClass:/Script/Engine.StaticMeshActor Name:StaticMeshActor_0 Label:SM_Cube5 SpatiallyLoaded:1 Bounds:IsValid=true, Min=(X=-0.000 Y=100.000 Z=0.000), Max=(X=100.000 Y=3400.000 Z=400.000) RuntimeGrid:None EditorOnly:0 RuntimeOnly:0 HLODRelevant:1 ListedInSceneOutliner:1 IsMainWorldOnly:0 FolderPath:Playground FolderGuid:C73F09FC4215536B1DCE2A9E0A830C70
 |   |   |- [+] [ 26]
 |   |   |   |- Guid:A5DDCCAD44446E4F15B4A4B03A96C4D4 BaseClass: NativeClass:/Script/Engine.StaticMeshActor Name:StaticMeshActor_UAID_70A6CCB42B244C7402_1194159411 Label:Cube16 SpatiallyLoaded:1 Bounds:IsValid=true, Min=(X=674.866 Y=1232.461 Z=-62.899), Max=(X=1107.089 Y=1607.461 Z=37.101) RuntimeGrid:None EditorOnly:0 RuntimeOnly:0 HLODRelevant:1 ListedInSceneOutliner:1 IsMainWorldOnly:0
 |   |   |- [+] [ 27]
 |   |   |   |- Guid:A627249E48CCF5839ED5C4AD64CEFE40 BaseClass: NativeClass:/Script/Engine.StaticMeshActor Name:StaticMeshActor_UAID_70A6CCB42B244A7402_1139700032 Label:Cube3 SpatiallyLoaded:1 Bounds:IsValid=true, Min=(X=1094.866 Y=1232.461 Z=-62.899), Max=(X=1527.089 Y=1607.461 Z=37.101) RuntimeGrid:None EditorOnly:0 RuntimeOnly:0 HLODRelevant:1 ListedInSceneOutliner:1 IsMainWorldOnly:0
 |   |   |- [+] [ 28]
 |   |   |   |- Guid:B5C864E74AAAA6ECC423DA8AE63FBF0E BaseClass: NativeClass:/Script/Engine.StaticMeshActor Name:StaticMeshActor_UAID_70A6CCB42B244A7402_1334826039 Label:Cube7 SpatiallyLoaded:1 Bounds:IsValid=true, Min=(X=1954.866 Y=1232.461 Z=-62.899), Max=(X=2387.089 Y=1607.461 Z=37.101) RuntimeGrid:None EditorOnly:0 RuntimeOnly:0 HLODRelevant:1 ListedInSceneOutliner:1 IsMainWorldOnly:0
 |   |   |- [+] [ 29]
 |   |   |   |- Guid:B785ED2844B84CFB91E7F39FE661CD99 BaseClass: NativeClass:/Script/Engine.DirectionalLight Name:DirectionalLight_0 Label:DirectionalLight SpatiallyLoaded:0 Bounds:IsValid=true, Min=(X=-1048576.000 Y=-1048576.000 Z=-1048576.000), Max=(X=1048576.000 Y=1048576.000 Z=1048576.000) RuntimeGrid:None EditorOnly:0 RuntimeOnly:0 HLODRelevant:0 ListedInSceneOutliner:1 IsMainWorldOnly:0 FolderPath:Lighting FolderGuid:963EC3EB4002CCE9759E2EBA541A873A
 |   |   |- [+] [ 30]
 |   |   |   |- Guid:B90DB5634BDE85E87AC7AA824FC0DD65 BaseClass: NativeClass:/Script/Engine.StaticMeshActor Name:StaticMeshActor_UAID_70A6CCB42B244A7402_1647254046 Label:Cube13 SpatiallyLoaded:1 Bounds:IsValid=true, Min=(X=1633.815 Y=1660.083 Z=482.979), Max=(X=1985.140 Y=1685.343 Z=499.939) RuntimeGrid:None EditorOnly:0 RuntimeOnly:0 HLODRelevant:1 ListedInSceneOutliner:1 IsMainWorldOnly:0
 |   |   |- [+] [ 31]
 |   |   |   |- Guid:BACA3BDE4A7C5E2E111A44BDD65EB0BC BaseClass: NativeClass:/Script/Engine.StaticMeshActor Name:StaticMeshActor_UAID_70A6CCB42B244A7402_1362349042 Label:Cube9 SpatiallyLoaded:1 Bounds:IsValid=true, Min=(X=1563.477 Y=2033.849 Z=-62.899), Max=(X=1938.477 Y=2466.072 Z=37.101) RuntimeGrid:None EditorOnly:0 RuntimeOnly:0 HLODRelevant:1 ListedInSceneOutliner:1 IsMainWorldOnly:0
 |   |   |- [+] [ 32]
 |   |   |   |- Guid:BB14A1EB47C5229688325BBDE6F0125F BaseClass: NativeClass:/Script/Engine.StaticMeshActor Name:StaticMeshActor_UAID_70A6CCB42B244A7402_1367098043 Label:Cube10 SpatiallyLoaded:1 Bounds:IsValid=true, Min=(X=1563.477 Y=803.849 Z=-62.899), Max=(X=1938.477 Y=1236.072 Z=37.101) RuntimeGrid:None EditorOnly:0 RuntimeOnly:0 HLODRelevant:1 ListedInSceneOutliner:1 IsMainWorldOnly:0
 |   |   |- [+] [ 33]
 |   |   |   |- Guid:BC08B79C4EA3C961CFF75EBBE83B367D BaseClass: NativeClass:/Script/Engine.StaticMeshActor Name:StaticMeshActor_5 Label:SM_Cube2 SpatiallyLoaded:1 Bounds:IsValid=true, Min=(X=0.000 Y=0.000 Z=0.000), Max=(X=3000.000 Y=100.000 Z=400.000) RuntimeGrid:None EditorOnly:0 RuntimeOnly:0 HLODRelevant:1 ListedInSceneOutliner:1 IsMainWorldOnly:0 FolderPath:Playground FolderGuid:C73F09FC4215536B1DCE2A9E0A830C70
 |   |   |- [+] [ 34]
 |   |   |   |- Guid:C23CA42C4F2E1099425BCCA421D73F0F BaseClass: NativeClass:/Script/Engine.StaticMeshActor Name:StaticMeshActor_UAID_70A6CCB42B244C7402_1200960412 Label:Cube17 SpatiallyLoaded:1 Bounds:IsValid=true, Min=(X=2384.866 Y=1232.461 Z=-62.899), Max=(X=2817.089 Y=1607.461 Z=37.101) RuntimeGrid:None EditorOnly:0 RuntimeOnly:0 HLODRelevant:1 ListedInSceneOutliner:1 IsMainWorldOnly:0
 |   |   |- [+] [ 35]
 |   |   |   |- Guid:CCFF262C46EEFFDF319E7F9539CE697E BaseClass: NativeClass:/Script/Engine.SkyAtmosphere Name:SkyAtmosphere_0 Label:SkyAtmosphere SpatiallyLoaded:0 Bounds:IsValid=true, Min=(X=0.000 Y=0.000 Z=1020.000), Max=(X=0.000 Y=0.000 Z=1020.000) RuntimeGrid:None EditorOnly:0 RuntimeOnly:0 HLODRelevant:0 ListedInSceneOutliner:1 IsMainWorldOnly:0 FolderPath:Lighting FolderGuid:963EC3EB4002CCE9759E2EBA541A873A
 |   |   |- [+] [ 36]
 |   |   |   |- Guid:CEEF98AD41728FA8F236D0AC8C5F7244 BaseClass: NativeClass:/Script/Engine.StaticMeshActor Name:StaticMeshActor_UAID_70A6CCB42B244A7402_1722599054 Label:Cube15 SpatiallyLoaded:1 Bounds:IsValid=true, Min=(X=1534.860 Y=1104.657 Z=482.979), Max=(X=1886.185 Y=1129.917 Z=499.939) RuntimeGrid:None EditorOnly:0 RuntimeOnly:0 HLODRelevant:1 ListedInSceneOutliner:1 IsMainWorldOnly:0
 |   |   |- [+] [ 37]
 |   |   |   |- Guid:DEDE4A3F4AFAA66C6D7F9294D0669739 BaseClass: NativeClass:/Script/Engine.StaticMeshActor Name:StaticMeshActor_UAID_70A6CCB42B244A7402_1191825034 Label:Cube5 SpatiallyLoaded:1 Bounds:IsValid=true, Min=(X=2167.213 Y=1649.843 Z=-3.335), Max=(X=2192.188 Y=1674.737 Z=499.849) RuntimeGrid:None EditorOnly:0 RuntimeOnly:0 HLODRelevant:1 ListedInSceneOutliner:1 IsMainWorldOnly:0
 |   |   |- [+] [ 38]
 |   |   |   |- Guid:E25590524C766626DA27BAABA70CE93D BaseClass: NativeClass:/Script/Engine.StaticMeshActor Name:StaticMeshActor_UAID_70A6CCB42B244A7402_1722598053 Label:Cube14 SpatiallyLoaded:1 Bounds:IsValid=true, Min=(X=1518.499 Y=1105.022 Z=-3.335), Max=(X=1543.392 Y=1129.998 Z=499.849) RuntimeGrid:None EditorOnly:0 RuntimeOnly:0 HLODRelevant:1 ListedInSceneOutliner:1 IsMainWorldOnly:0
 |   |   |- [+] [ 39]
 |   |   |   |- Guid:E728D89A4AF2381F9BF3189D117642C0 BaseClass: NativeClass:/Script/Engine.StaticMeshActor Name:StaticMeshActor_UAID_70A6CCB42B244C7402_2104335413 Label:trash_1 SpatiallyLoaded:1 Bounds:IsValid=true, Min=(X=1944.509 Y=1722.999 Z=-13.359), Max=(X=2037.200 Y=1814.355 Z=86.636) RuntimeGrid:None EditorOnly:0 RuntimeOnly:0 HLODRelevant:1 ListedInSceneOutliner:1 IsMainWorldOnly:0
 |   |   |- [+] [ 40]
 |   |   |   |- Guid:E7BD3D26423FEBD806334E8BEC0BB095 BaseClass: NativeClass:/Script/Engine.StaticMeshActor Name:StaticMeshActor_UAID_70A6CCB42B244A7402_1351377041 Label:Cube8 SpatiallyLoaded:1 Bounds:IsValid=true, Min=(X=1563.477 Y=1603.849 Z=-62.899), Max=(X=1938.477 Y=2036.072 Z=37.101) RuntimeGrid:None EditorOnly:0 RuntimeOnly:0 HLODRelevant:1 ListedInSceneOutliner:1 IsMainWorldOnly:0
 |   |   |- [+] [ 41]
 |   |   |   |- Guid:E972748146BE23BDAFB129A596D53A9A BaseClass: NativeClass:/Script/Engine.StaticMeshActor Name:StaticMeshActor_UAID_70A6CCB42B244A7402_1372149044 Label:Cube11 SpatiallyLoaded:1 Bounds:IsValid=true, Min=(X=1563.477 Y=373.849 Z=-62.899), Max=(X=1938.477 Y=806.072 Z=37.101) RuntimeGrid:None EditorOnly:0 RuntimeOnly:0 HLODRelevant:1 ListedInSceneOutliner:1 IsMainWorldOnly:0
 |   |   |- [+] [ 42]
 |   |   |   |- Guid:EC4E0C944CE6AC6E784BC6BB2916EA13 BaseClass: NativeClass:/Script/Engine.StaticMeshActor Name:StaticMeshActor_UAID_A4AE111137DC5EFB00_1110535423 Label:SM_SkySphere SpatiallyLoaded:0 Bounds:IsValid=true, Min=(X=-1638400.000 Y=-1638400.000 Z=-1638400.000), Max=(X=1638400.000 Y=1638400.000 Z=1638400.000) RuntimeGrid:None EditorOnly:0 RuntimeOnly:0 HLODRelevant:1 ListedInSceneOutliner:1 IsMainWorldOnly:0 FolderPath:Lighting FolderGuid:963EC3EB4002CCE9759E2EBA541A873A
 |   |   |- [+] [ 43]
 |   |   |   |- Guid:F1924B8D48954B30891B2DB6A694F9CC BaseClass: NativeClass:/Script/Engine.StaticMeshActor Name:StaticMeshActor_1 Label:SM_Cube SpatiallyLoaded:1 Bounds:IsValid=true, Min=(X=0.000 Y=0.000 Z=-50.000), Max=(X=3000.000 Y=3500.000 Z=0.000) RuntimeGrid:None EditorOnly:0 RuntimeOnly:0 HLODRelevant:1 ListedInSceneOutliner:1 IsMainWorldOnly:0 FolderPath:Playground FolderGuid:C73F09FC4215536B1DCE2A9E0A830C70
 |   |   |- [+] [ 44]
 |   |   |   |- Guid:F5736B814CB8F7046AB97CBAB6020098 BaseClass: NativeClass:/Script/Engine.StaticMeshActor Name:StaticMeshActor_UAID_70A6CCB42B244D7402_1448777600 Label:trash_6 SpatiallyLoaded:1 Bounds:IsValid=true, Min=(X=1362.407 Y=978.331 Z=-13.359), Max=(X=1489.970 Y=1105.507 Z=86.636) RuntimeGrid:None EditorOnly:0 RuntimeOnly:0 HLODRelevant:1 ListedInSceneOutliner:1 IsMainWorldOnly:0
 |   |   |- [+] [ 45]
 |   |   |   |- Guid:F5E3FEB3450C49844FD93DA8E083C8AD BaseClass: NativeClass:/Script/Engine.PostProcessVolume Name:PostProcessVolume_0 Label:PostProcessVolume SpatiallyLoaded:0 Bounds:IsValid=true, Min=(X=0.000 Y=0.000 Z=400.000), Max=(X=200.000 Y=200.000 Z=600.000) RuntimeGrid:None EditorOnly:0 RuntimeOnly:0 HLODRelevant:0 ListedInSceneOutliner:1 IsMainWorldOnly:0 FolderPath:Lighting FolderGuid:963EC3EB4002CCE9759E2EBA541A873A
 |   |   |- [+] [ 46]
 |   |   |   |- Guid:FAF31FFE45E0C4F2BC30608486FC0D8D BaseClass: NativeClass:/Script/Engine.StaticMeshActor Name:StaticMeshActor_UAID_70A6CCB42B244D7402_1079190593 Label:SM_tewscfuda_tier_1 SpatiallyLoaded:1 Bounds:IsValid=true, Min=(X=1934.818 Y=1884.941 Z=-0.715), Max=(X=2025.750 Y=1975.332 Z=86.964) RuntimeGrid:None EditorOnly:0 RuntimeOnly:0 HLODRelevant:1 ListedInSceneOutliner:1 IsMainWorldOnly:0
 |   |   |- [+] [ 47]
 |   |   |   |- Guid:FF698C67459ADB4982D7759C0905EE9F BaseClass: NativeClass:/Script/Engine.StaticMeshActor Name:StaticMeshActor_6 Label:SM_Cube3 SpatiallyLoaded:1 Bounds:IsValid=true, Min=(X=0.000 Y=3400.000 Z=0.000), Max=(X=3000.000 Y=3500.000 Z=400.000) RuntimeGrid:None EditorOnly:0 RuntimeOnly:0 HLODRelevant:1 ListedInSceneOutliner:1 IsMainWorldOnly:0 FolderPath:Playground FolderGuid:C73F09FC4215536B1DCE2A9E0A830C70
 |- ContainerInstances:
 |- [+] MainContainer:
 |   |-        ID: 00000000000000000000000000000000
 |   |-  ParentID: 00000000000000000000000000000000
 |   |-    Bounds: IsValid=false, Min=(X=0.000 Y=0.000 Z=0.000), Max=(X=0.000 Y=0.000 Z=0.000)
 |   |- Transform: 0.000000,0.000000,0.000000|0.000000,0.000000,-0.000000|1.000000,1.000000,1.000000
 |   |- Container: /Game/ThirdPerson/Maps/ThirdPersonMap
----------------------------------------------------------------------------------------------------------------
ThirdPersonMap - Persistent Level
----------------------------------------------------------------------------------------------------------------
[+] Content of ThirdPersonMap Persistent Level
 |- Always loaded Actor Count: 48 
 |- Actor Path: /Game/ThirdPerson/Maps/ThirdPersonMap.ThirdPersonMap:PersistentLevel.DirectionalLight_0
 |- Actor Package: /Game/__ExternalActors__/ThirdPerson/Maps/ThirdPersonMap/5/R1/TS5OQ5CRUWFZYL1ZQ7I416
 |- Actor Path: /Game/ThirdPerson/Maps/ThirdPersonMap.ThirdPersonMap:PersistentLevel.ExponentialHeightFog_0
 |- Actor Package: /Game/__ExternalActors__/ThirdPerson/Maps/ThirdPersonMap/6/J7/N10XDC9G27EMLS5AGZ6AVV
 |- Actor Path: /Game/ThirdPerson/Maps/ThirdPersonMap.ThirdPersonMap:PersistentLevel.PlayerStart_0
 |- Actor Package: /Game/__ExternalActors__/ThirdPerson/Maps/ThirdPersonMap/D/DE/SWSI13675DVYIZ0N4NF7Y3
 |- Actor Path: /Game/ThirdPerson/Maps/ThirdPersonMap.ThirdPersonMap:PersistentLevel.PostProcessVolume_0
 |- Actor Package: /Game/__ExternalActors__/ThirdPerson/Maps/ThirdPersonMap/1/AZ/A7GPT109Y6ZTTJD4A7TXER
 |- Actor Path: /Game/ThirdPerson/Maps/ThirdPersonMap.ThirdPersonMap:PersistentLevel.SkyAtmosphere_0
 |- Actor Package: /Game/__ExternalActors__/ThirdPerson/Maps/ThirdPersonMap/4/LN/30UBDLYFFA5ZR7U4W4L4GG
 |- Actor Path: /Game/ThirdPerson/Maps/ThirdPersonMap.ThirdPersonMap:PersistentLevel.SkyLight_1
 |- Actor Package: /Game/__ExternalActors__/ThirdPerson/Maps/ThirdPersonMap/8/S1/DXUWD12MD3HRWVVXX076BY
 |- Actor Path: /Game/ThirdPerson/Maps/ThirdPersonMap.ThirdPersonMap:PersistentLevel.StaticMeshActor_0
 |- Actor Package: /Game/__ExternalActors__/ThirdPerson/Maps/ThirdPersonMap/A/MS/MRHJREJ6H7USQYWF1KO8F6
 |- Actor Path: /Game/ThirdPerson/Maps/ThirdPersonMap.ThirdPersonMap:PersistentLevel.StaticMeshActor_1
 |- Actor Package: /Game/__ExternalActors__/ThirdPerson/Maps/ThirdPersonMap/6/YO/NG2R9BPZVA7ZDN0Z4VSTG6
 |- Actor Path: /Game/ThirdPerson/Maps/ThirdPersonMap.ThirdPersonMap:PersistentLevel.StaticMeshActor_4
 |- Actor Package: /Game/__ExternalActors__/ThirdPerson/Maps/ThirdPersonMap/5/9Q/U98KGKQ41NJYFOGFQM8ZDY
 |- Actor Path: /Game/ThirdPerson/Maps/ThirdPersonMap.ThirdPersonMap:PersistentLevel.StaticMeshActor_5
 |- Actor Package: /Game/__ExternalActors__/ThirdPerson/Maps/ThirdPersonMap/C/QF/BY1DA5CRGQSAMOTK8RA8KR
 |- Actor Path: /Game/ThirdPerson/Maps/ThirdPersonMap.ThirdPersonMap:PersistentLevel.StaticMeshActor_6
 |- Actor Package: /Game/__ExternalActors__/ThirdPerson/Maps/ThirdPersonMap/D/0G/JNKFA4X9LRMSF343ESPF6Q
 |- Actor Path: /Game/ThirdPerson/Maps/ThirdPersonMap.ThirdPersonMap:PersistentLevel.StaticMeshActor_UAID_70A6CCB42B24487402_1989620676
 |- Actor Package: /Game/__ExternalActors__/ThirdPerson/Maps/ThirdPersonMap/0/XR/Q1X10BFYWBBVWFU8OMUCOU
 |- Actor Path: /Game/ThirdPerson/Maps/ThirdPersonMap.ThirdPersonMap:PersistentLevel.StaticMeshActor_UAID_70A6CCB42B24487402_2033952677
 |- Actor Package: /Game/__ExternalActors__/ThirdPerson/Maps/ThirdPersonMap/A/2F/L41E2SWZGQ3G4FA7PVW5QJ
 |- Actor Path: /Game/ThirdPerson/Maps/ThirdPersonMap.ThirdPersonMap:PersistentLevel.StaticMeshActor_UAID_70A6CCB42B244A7402_1139700032
 |- Actor Package: /Game/__ExternalActors__/ThirdPerson/Maps/ThirdPersonMap/7/QT/84SHFX1PZEL6BGSTSRKMQE
 |- Actor Path: /Game/ThirdPerson/Maps/ThirdPersonMap.ThirdPersonMap:PersistentLevel.StaticMeshActor_UAID_70A6CCB42B244A7402_1191825034
 |- Actor Package: /Game/__ExternalActors__/ThirdPerson/Maps/ThirdPersonMap/7/UB/EGG6C92YCTNOVQ001VF9UL
 |- Actor Path: /Game/ThirdPerson/Maps/ThirdPersonMap.ThirdPersonMap:PersistentLevel.StaticMeshActor_UAID_70A6CCB42B244A7402_1191827035
 |- Actor Package: /Game/__ExternalActors__/ThirdPerson/Maps/ThirdPersonMap/2/4J/NP793NQX98UBE2ILS942OR
 |- Actor Path: /Game/ThirdPerson/Maps/ThirdPersonMap.ThirdPersonMap:PersistentLevel.StaticMeshActor_UAID_70A6CCB42B244A7402_1331358038
 |- Actor Package: /Game/__ExternalActors__/ThirdPerson/Maps/ThirdPersonMap/2/ZN/JQG9KO27HOI8D0M1L3FORP
 |- Actor Path: /Game/ThirdPerson/Maps/ThirdPersonMap.ThirdPersonMap:PersistentLevel.StaticMeshActor_UAID_70A6CCB42B244A7402_1334826039
 |- Actor Package: /Game/__ExternalActors__/ThirdPerson/Maps/ThirdPersonMap/0/T3/H3O3Y1VHHQSE1J2Y9P8B9K
 |- Actor Path: /Game/ThirdPerson/Maps/ThirdPersonMap.ThirdPersonMap:PersistentLevel.StaticMeshActor_UAID_70A6CCB42B244A7402_1351377041
 |- Actor Package: /Game/__ExternalActors__/ThirdPerson/Maps/ThirdPersonMap/2/R6/43H9CR4RTZQ8FOCOSDDWXN
 |- Actor Path: /Game/ThirdPerson/Maps/ThirdPersonMap.ThirdPersonMap:PersistentLevel.StaticMeshActor_UAID_70A6CCB42B244A7402_1362349042
 |- Actor Package: /Game/__ExternalActors__/ThirdPerson/Maps/ThirdPersonMap/1/TE/IE33ANKAL3PG9H8OKYCZEO
 |- Actor Path: /Game/ThirdPerson/Maps/ThirdPersonMap.ThirdPersonMap:PersistentLevel.StaticMeshActor_UAID_70A6CCB42B244A7402_1367098043
 |- Actor Package: /Game/__ExternalActors__/ThirdPerson/Maps/ThirdPersonMap/A/TL/QDJV0DI0JKS2YG0XJSCPF3
 |- Actor Path: /Game/ThirdPerson/Maps/ThirdPersonMap.ThirdPersonMap:PersistentLevel.StaticMeshActor_UAID_70A6CCB42B244A7402_1372149044
 |- Actor Package: /Game/__ExternalActors__/ThirdPerson/Maps/ThirdPersonMap/3/H4/FTRQ2CTIEPM98NFP7CZD27
 |- Actor Path: /Game/ThirdPerson/Maps/ThirdPersonMap.ThirdPersonMap:PersistentLevel.StaticMeshActor_UAID_70A6CCB42B244A7402_1647251045
 |- Actor Package: /Game/__ExternalActors__/ThirdPerson/Maps/ThirdPersonMap/5/6L/G0X6LCXN1F7TTLUW7O5HXA
 |- Actor Path: /Game/ThirdPerson/Maps/ThirdPersonMap.ThirdPersonMap:PersistentLevel.StaticMeshActor_UAID_70A6CCB42B244A7402_1647254046
 |- Actor Package: /Game/__ExternalActors__/ThirdPerson/Maps/ThirdPersonMap/1/8U/422NRETW3M8OGEIRKMQ8TE
 |- Actor Path: /Game/ThirdPerson/Maps/ThirdPersonMap.ThirdPersonMap:PersistentLevel.StaticMeshActor_UAID_70A6CCB42B244A7402_1722598053
 |- Actor Package: /Game/__ExternalActors__/ThirdPerson/Maps/ThirdPersonMap/8/2M/4G7588GOEE6SKOLJ0I9LFW
 |- Actor Path: /Game/ThirdPerson/Maps/ThirdPersonMap.ThirdPersonMap:PersistentLevel.StaticMeshActor_UAID_70A6CCB42B244A7402_1722599054
 |- Actor Package: /Game/__ExternalActors__/ThirdPerson/Maps/ThirdPersonMap/4/VO/YO97SOC4AKTSIT35IIQ3AQ
 |- Actor Path: /Game/ThirdPerson/Maps/ThirdPersonMap.ThirdPersonMap:PersistentLevel.StaticMeshActor_UAID_70A6CCB42B244C7402_1194159411
 |- Actor Package: /Game/__ExternalActors__/ThirdPerson/Maps/ThirdPersonMap/5/ZC/1X0S10Q3T0Y5A62G2GZ62N
 |- Actor Path: /Game/ThirdPerson/Maps/ThirdPersonMap.ThirdPersonMap:PersistentLevel.StaticMeshActor_UAID_70A6CCB42B244C7402_1200960412
 |- Actor Package: /Game/__ExternalActors__/ThirdPerson/Maps/ThirdPersonMap/D/8C/9FCBT9W1JWUJTMEC3C6KSJ
 |- Actor Path: /Game/ThirdPerson/Maps/ThirdPersonMap.ThirdPersonMap:PersistentLevel.StaticMeshActor_UAID_70A6CCB42B244C7402_2104335413
 |- Actor Package: /Game/__ExternalActors__/ThirdPerson/Maps/ThirdPersonMap/9/DT/ILA20PB1J6XAZLJGLZXWJC
 |- Actor Path: /Game/ThirdPerson/Maps/ThirdPersonMap.ThirdPersonMap:PersistentLevel.StaticMeshActor_UAID_70A6CCB42B244C7402_2115257414
 |- Actor Package: /Game/__ExternalActors__/ThirdPerson/Maps/ThirdPersonMap/5/1O/PCS19HHGQJM0DE5HSTEOKL
 |- Actor Path: /Game/ThirdPerson/Maps/ThirdPersonMap.ThirdPersonMap:PersistentLevel.StaticMeshActor_UAID_70A6CCB42B244C7402_2121144415
 |- Actor Package: /Game/__ExternalActors__/ThirdPerson/Maps/ThirdPersonMap/8/6O/GD2XI3UG7PTL2YJPMHIWIV
 |- Actor Path: /Game/ThirdPerson/Maps/ThirdPersonMap.ThirdPersonMap:PersistentLevel.StaticMeshActor_UAID_70A6CCB42B244D7402_1077426592
 |- Actor Package: /Game/__ExternalActors__/ThirdPerson/Maps/ThirdPersonMap/1/7Y/WSXHCCMPOK7J8OKUJ2U2QH
 |- Actor Path: /Game/ThirdPerson/Maps/ThirdPersonMap.ThirdPersonMap:PersistentLevel.StaticMeshActor_UAID_70A6CCB42B244D7402_1079190593
 |- Actor Package: /Game/__ExternalActors__/ThirdPerson/Maps/ThirdPersonMap/4/MM/HJ9T3L4N26OYYWHP5IILRH
 |- Actor Path: /Game/ThirdPerson/Maps/ThirdPersonMap.ThirdPersonMap:PersistentLevel.StaticMeshActor_UAID_70A6CCB42B244D7402_1351565594
 |- Actor Package: /Game/__ExternalActors__/ThirdPerson/Maps/ThirdPersonMap/B/B4/ZMDSM6NYPHZYSUEXZLVTUH
 |- Actor Path: /Game/ThirdPerson/Maps/ThirdPersonMap.ThirdPersonMap:PersistentLevel.StaticMeshActor_UAID_70A6CCB42B244D7402_1410920595
 |- Actor Package: /Game/__ExternalActors__/ThirdPerson/Maps/ThirdPersonMap/8/AX/QXGMYW8LIS5WR7SA3UBYU4
 |- Actor Path: /Game/ThirdPerson/Maps/ThirdPersonMap.ThirdPersonMap:PersistentLevel.StaticMeshActor_UAID_70A6CCB42B244D7402_1427890596
 |- Actor Package: /Game/__ExternalActors__/ThirdPerson/Maps/ThirdPersonMap/E/A2/AAFKAQP35E1G2HUJXJ9U59
 |- Actor Path: /Game/ThirdPerson/Maps/ThirdPersonMap.ThirdPersonMap:PersistentLevel.StaticMeshActor_UAID_70A6CCB42B244D7402_1437963597
 |- Actor Package: /Game/__ExternalActors__/ThirdPerson/Maps/ThirdPersonMap/6/F9/VG1KQ688IE9AO4B9AV8IFH
 |- Actor Path: /Game/ThirdPerson/Maps/ThirdPersonMap.ThirdPersonMap:PersistentLevel.StaticMeshActor_UAID_70A6CCB42B244D7402_1442016598
 |- Actor Package: /Game/__ExternalActors__/ThirdPerson/Maps/ThirdPersonMap/1/64/DQOC0BL8HNW8O9H5SO6JOC
 |- Actor Path: /Game/ThirdPerson/Maps/ThirdPersonMap.ThirdPersonMap:PersistentLevel.StaticMeshActor_UAID_70A6CCB42B244D7402_1442018599
 |- Actor Package: /Game/__ExternalActors__/ThirdPerson/Maps/ThirdPersonMap/B/TC/UBFI41EBKZ0TZJILATPXL4
 |- Actor Path: /Game/ThirdPerson/Maps/ThirdPersonMap.ThirdPersonMap:PersistentLevel.StaticMeshActor_UAID_70A6CCB42B244D7402_1448777600
 |- Actor Package: /Game/__ExternalActors__/ThirdPerson/Maps/ThirdPersonMap/9/LR/HTF9LYOEJ4R6U9MV4QKS3E
 |- Actor Path: /Game/ThirdPerson/Maps/ThirdPersonMap.ThirdPersonMap:PersistentLevel.StaticMeshActor_UAID_A4AE111137DC5EFB00_1110535423
 |- Actor Package: /Game/__ExternalActors__/ThirdPerson/Maps/ThirdPersonMap/4/PN/2QISIGK5DJNQ05US8O8FXW
 |- Actor Path: /Game/ThirdPerson/Maps/ThirdPersonMap.ThirdPersonMap:PersistentLevel.TextRenderActor_1
 |- Actor Package: /Game/__ExternalActors__/ThirdPerson/Maps/ThirdPersonMap/1/WU/NB37RT5Q32Z8MJWD8BD2SO
 |- Actor Path: /Game/ThirdPerson/Maps/ThirdPersonMap.ThirdPersonMap:PersistentLevel.TrafficLight_BP1_C_UAID_70A6CCB42B244A7402_1705491049
 |- Actor Package: /Game/__ExternalActors__/ThirdPerson/Maps/ThirdPersonMap/8/W9/GYQH3H1VOZOUOPL1KWCYW8
 |- Actor Path: /Game/ThirdPerson/Maps/ThirdPersonMap.ThirdPersonMap:PersistentLevel.TrafficLight_BP1_C_UAID_70A6CCB42B244A7402_1722602056
 |- Actor Package: /Game/__ExternalActors__/ThirdPerson/Maps/ThirdPersonMap/2/RJ/XNC1W5QY5W7VAMYZ6IRONX
 |- Actor Path: /Game/ThirdPerson/Maps/ThirdPersonMap.ThirdPersonMap:PersistentLevel.TrafficLight_BP_C_UAID_70A6CCB42B24497402_1090387854
 |- Actor Package: /Game/__ExternalActors__/ThirdPerson/Maps/ThirdPersonMap/1/AB/1RE8YLAZH5X2VT5CIV3W5Y
 |- Actor Path: /Game/ThirdPerson/Maps/ThirdPersonMap.ThirdPersonMap:PersistentLevel.TrafficLight_BP_C_UAID_70A6CCB42B244A7402_1191828036
 |- Actor Package: /Game/__ExternalActors__/ThirdPerson/Maps/ThirdPersonMap/5/JU/EQTXR4TWWCX8G4R92OW4LW
 |- Actor Path: /Game/ThirdPerson/Maps/ThirdPersonMap.ThirdPersonMap:PersistentLevel.VolumetricCloud_0
 |- Actor Package: /Game/__ExternalActors__/ThirdPerson/Maps/ThirdPersonMap/3/EY/87SHEJN5UBEAN2K5OV1G6R
 |- Actor Path: /Game/ThirdPerson/Maps/ThirdPersonMap.ThirdPersonMap:PersistentLevel.WorldDataLayers
 |- Actor Package: /Game/__ExternalActors__/ThirdPerson/Maps/ThirdPersonMap/0/43/HYQWORMY4JDQ5X3OKZXFLC

----------------------------------------------------------------------------------------------------------------
ThirdPersonMap - Runtime Hash Set
----------------------------------------------------------------------------------------------------------------

