[+] Containers:
 |- [+] Container: /Game/ThirdPerson/Maps/ThirdPersonMap
 |   |- [+] ActorDescs:
 |   |   |- Guid:013E359C4BBFA39B88C2C9B7C231DD4D BaseClass:/Game/Module/Blueprints/Material/TrafficLight_BP.TrafficLight_BP_C NativeClass:/Script/Engine.Actor Name:TrafficLight_BP_C_UAID_70A6CCB42B24497402_1090387854 Label:TrafficLight_BP SpatiallyLoaded:1 Bounds:IsValid=true, Min=(X=1397.625 Y=1465.374 Z=416.779), Max=(X=1573.470 Y=1568.812 Z=520.217) RuntimeGrid:None EditorOnly:0 RuntimeOnly:0 HLODRelevant:0 ListedInSceneOutliner:1 IsMainWorldOnly:0
 |   |   |- Guid:0C119B66413948B240B2D0A8FF3D3E09 BaseClass: NativeClass:/Script/Engine.StaticMeshActor Name:StaticMeshActor_UAID_70A6CCB42B24167C02_1138798323 Label:Cube24 SpatiallyLoaded:1 Bounds:IsValid=true, Min=(X=1581.593 Y=1667.423 Z=-62.899), Max=(X=1959.865 Y=2102.481 Z=37.101) RuntimeGrid:None EditorOnly:0 RuntimeOnly:0 HLODRelevant:1 ListedInSceneOutliner:1 IsMainWorldOnly:0
 |   |   |- Guid:0C34BAE844B644761C45E9AE255ADB19 BaseClass: NativeClass:/Script/Engine.StaticMeshActor Name:StaticMeshActor_UAID_70A6CCB42B244D7402_1437963597 Label:SM_tewscfuda_tier_2 SpatiallyLoaded:1 Bounds:IsValid=true, Min=(X=1473.950 Y=1697.030 Z=-0.715), Max=(X=1536.105 Y=1763.580 Z=86.964) RuntimeGrid:None EditorOnly:0 RuntimeOnly:0 HLODRelevant:1 ListedInSceneOutliner:1 IsMainWorldOnly:0
 |   |   |- Guid:10E0C4D7410F08E13F34A280AA7D80F3 BaseClass: NativeClass:/Script/Engine.StaticMeshActor Name:StaticMeshActor_UAID_70A6CCB42B244C7402_2121144415 Label:trash_3 SpatiallyLoaded:1 Bounds:IsValid=true, Min=(X=2014.509 Y=1762.999 Z=-13.359), Max=(X=2107.200 Y=1854.355 Z=86.636) RuntimeGrid:None EditorOnly:0 RuntimeOnly:0 HLODRelevant:1 ListedInSceneOutliner:1 IsMainWorldOnly:0
 |   |   |- Guid:1E3AF0DD43F4E3BB329DBE8E956F38A3 BaseClass: NativeClass:/Script/Engine.StaticMeshActor Name:StaticMeshActor_UAID_70A6CCB42B244C7402_2115257414 Label:trash_2 SpatiallyLoaded:1 Bounds:IsValid=true, Min=(X=1954.509 Y=1802.999 Z=-13.359), Max=(X=2047.200 Y=1894.355 Z=86.636) RuntimeGrid:None EditorOnly:0 RuntimeOnly:0 HLODRelevant:1 ListedInSceneOutliner:1 IsMainWorldOnly:0
 |   |   |- Guid:217689DA4BAA4AAEEE5146A6E245A5A8 BaseClass: NativeClass:/Script/Engine.StaticMeshActor Name:StaticMeshActor_UAID_70A6CCB42B24167C02_1397808337 Label:iz_49_clean_lowpoly2 SpatiallyLoaded:1 Bounds:IsValid=true, Min=(X=1784.812 Y=769.241 Z=37.101), Max=(X=1965.192 Y=1017.533 Z=158.926) RuntimeGrid:None EditorOnly:0 RuntimeOnly:0 HLODRelevant:1 ListedInSceneOutliner:1 IsMainWorldOnly:0
 |   |   |- Guid:2FB58999456391D349DC0F86DAC136ED BaseClass: NativeClass:/Script/Engine.SkyLight Name:SkyLight_1 Label:SkyLight SpatiallyLoaded:0 Bounds:IsValid=true, Min=(X=0.000 Y=0.000 Z=690.000), Max=(X=0.000 Y=0.000 Z=690.000) RuntimeGrid:None EditorOnly:0 RuntimeOnly:0 HLODRelevant:0 ListedInSceneOutliner:1 IsMainWorldOnly:0 FolderPath:Lighting FolderGuid:963EC3EB4002CCE9759E2EBA541A873A
 |   |   |- Guid:30AA9D9A4995E01787695587F5FE83FD BaseClass:/Game/Module/Blueprints/Material/TrafficLight_BP.TrafficLight_BP_C NativeClass:/Script/Engine.Actor Name:TrafficLight_BP_C_UAID_70A6CCB42B244A7402_1191828036 Label:TrafficLight_BP3 SpatiallyLoaded:1 Bounds:IsValid=true, Min=(X=2065.219 Y=1283.344 Z=416.779), Max=(X=2241.063 Y=1386.782 Z=520.217) RuntimeGrid:None EditorOnly:0 RuntimeOnly:0 HLODRelevant:0 ListedInSceneOutliner:1 IsMainWorldOnly:0
 |   |   |- Guid:316CF2A6494ACA4C0E4180A87D36AB8F BaseClass: NativeClass:/Script/Engine.ExponentialHeightFog Name:ExponentialHeightFog_0 Label:ExponentialHeightFog SpatiallyLoaded:0 Bounds:IsValid=true, Min=(X=-5600.000 Y=-50.000 Z=-6850.000), Max=(X=-5600.000 Y=-50.000 Z=-6850.000) RuntimeGrid:None EditorOnly:0 RuntimeOnly:0 HLODRelevant:0 ListedInSceneOutliner:1 IsMainWorldOnly:0 FolderPath:Lighting FolderGuid:963EC3EB4002CCE9759E2EBA541A873A
 |   |   |- Guid:3A00AA1C422CE54C0BDB60BAF471BFBB BaseClass: NativeClass:/Script/Engine.PlayerStart Name:PlayerStart_0 Label:PlayerStart SpatiallyLoaded:0 Bounds:IsValid=true, Min=(X=860.000 Y=1070.000 Z=0.013), Max=(X=940.000 Y=1150.000 Z=184.013) RuntimeGrid:None EditorOnly:0 RuntimeOnly:0 HLODRelevant:0 ListedInSceneOutliner:1 IsMainWorldOnly:0
 |   |   |- Guid:446B04A445943A21BFBA65A5F07EF434 BaseClass: NativeClass:/Script/Engine.StaticMeshActor Name:StaticMeshActor_UAID_70A6CCB42B24167C02_1140822324 Label:Cube26 SpatiallyLoaded:1 Bounds:IsValid=true, Min=(X=1581.593 Y=1558.905 Z=-62.899), Max=(X=1959.865 Y=1993.964 Z=37.101) RuntimeGrid:None EditorOnly:0 RuntimeOnly:0 HLODRelevant:1 ListedInSceneOutliner:1 IsMainWorldOnly:0
 |   |   |- Guid:496BDC0F405F92500F711386F736F440 BaseClass: NativeClass:/Script/Engine.StaticMeshActor Name:StaticMeshActor_UAID_70A6CCB42B244A7402_1647251045 Label:Cube12 SpatiallyLoaded:1 Bounds:IsValid=true, Min=(X=1976.608 Y=1660.002 Z=-3.335), Max=(X=2001.501 Y=1684.978 Z=499.849) RuntimeGrid:None EditorOnly:0 RuntimeOnly:0 HLODRelevant:1 ListedInSceneOutliner:1 IsMainWorldOnly:0
 |   |   |- Guid:4D3BE93F4146AAAC8BBE79999D96D57F BaseClass: NativeClass:/Script/Engine.VolumetricCloud Name:VolumetricCloud_0 Label:VolumetricCloud SpatiallyLoaded:0 Bounds:IsValid=true, Min=(X=0.000 Y=0.000 Z=820.000), Max=(X=0.000 Y=0.000 Z=820.000) RuntimeGrid:None EditorOnly:0 RuntimeOnly:0 HLODRelevant:0 ListedInSceneOutliner:1 IsMainWorldOnly:0 FolderPath:Lighting FolderGuid:963EC3EB4002CCE9759E2EBA541A873A
 |   |   |- Guid:4F49DFB3418F4A827899F6B19A562D44 BaseClass: NativeClass:/Script/Engine.StaticMeshActor Name:StaticMeshActor_UAID_70A6CCB42B244D7402_1442016598 Label:trash_4 SpatiallyLoaded:1 Bounds:IsValid=true, Min=(X=1953.169 Y=978.331 Z=-13.359), Max=(X=2080.733 Y=1105.507 Z=86.636) RuntimeGrid:None EditorOnly:0 RuntimeOnly:0 HLODRelevant:1 ListedInSceneOutliner:1 IsMainWorldOnly:0
 |   |   |- Guid:53B8323949649386D60BCBB105284432 BaseClass: NativeClass:/Script/Engine.StaticMeshActor Name:StaticMeshActor_UAID_70A6CCB42B24167C02_1163033326 Label:Cube27 SpatiallyLoaded:1 Bounds:IsValid=true, Min=(X=1581.593 Y=2033.995 Z=-62.899), Max=(X=1959.865 Y=2469.054 Z=37.101) RuntimeGrid:None EditorOnly:0 RuntimeOnly:0 HLODRelevant:1 ListedInSceneOutliner:1 IsMainWorldOnly:0
 |   |   |- Guid:5A60E74B4C40D2D402DB7E9995427709 BaseClass: NativeClass:/Script/Engine.StaticMeshActor Name:StaticMeshActor_UAID_70A6CCB42B24487402_1989620676 Label:Cube SpatiallyLoaded:1 Bounds:IsValid=true, Min=(X=1446.500 Y=1177.420 Z=-3.335), Max=(X=1471.476 Y=1202.314 Z=499.849) RuntimeGrid:None EditorOnly:0 RuntimeOnly:0 HLODRelevant:1 ListedInSceneOutliner:1 IsMainWorldOnly:0
 |   |   |- Guid:5D0A3FFE4575579B434B6AA43A660093 BaseClass: NativeClass:/Script/Engine.StaticMeshActor Name:StaticMeshActor_UAID_70A6CCB42B24167C02_1267057332 Label:Cube34 SpatiallyLoaded:1 Bounds:IsValid=true, Min=(X=1593.250 Y=1240.548 Z=-62.899), Max=(X=1948.208 Y=1561.790 Z=37.101) RuntimeGrid:None EditorOnly:0 RuntimeOnly:0 HLODRelevant:1 ListedInSceneOutliner:1 IsMainWorldOnly:0
 |   |   |- Guid:6BAF4DDD444C60371492D3919DB42C97 BaseClass: NativeClass:/Script/Engine.WorldDataLayers Name:WorldDataLayers Label:WorldDataLayers SpatiallyLoaded:0 Bounds:IsValid=true, Min=(X=0.000 Y=0.000 Z=0.000), Max=(X=0.000 Y=0.000 Z=0.000) RuntimeGrid:None EditorOnly:0 RuntimeOnly:0 HLODRelevant:0 ListedInSceneOutliner:1 IsMainWorldOnly:1
 |   |   |- Guid:73BFF12C47864702724FD987A59581FC BaseClass: NativeClass:/Script/Engine.StaticMeshActor Name:StaticMeshActor_UAID_70A6CCB42B244D7402_1442018599 Label:trash_5 SpatiallyLoaded:1 Bounds:IsValid=true, Min=(X=2005.292 Y=1039.839 Z=-13.359), Max=(X=2132.856 Y=1167.015 Z=86.636) RuntimeGrid:None EditorOnly:0 RuntimeOnly:0 HLODRelevant:1 ListedInSceneOutliner:1 IsMainWorldOnly:0
 |   |   |- Guid:93983E034904F949F817DE9B77A47874 BaseClass: NativeClass:/Script/Engine.StaticMeshActor Name:StaticMeshActor_UAID_70A6CCB42B244D7402_1884607603 Label:iz_49_clean_lowpoly SpatiallyLoaded:1 Bounds:IsValid=true, Min=(X=1549.985 Y=2046.274 Z=37.350), Max=(X=1727.414 Y=2292.449 Z=159.174) RuntimeGrid:None EditorOnly:0 RuntimeOnly:0 HLODRelevant:1 ListedInSceneOutliner:1 IsMainWorldOnly:0
 |   |   |- Guid:98F4BD8642BF75313F74B1879179AB85 BaseClass: NativeClass:/Script/Engine.StaticMeshActor Name:StaticMeshActor_UAID_70A6CCB42B244A7402_1191827035 Label:Cube6 SpatiallyLoaded:1 Bounds:IsValid=true, Min=(X=2166.847 Y=1307.050 Z=482.979), Max=(X=2192.108 Y=1658.376 Z=499.939) RuntimeGrid:None EditorOnly:0 RuntimeOnly:0 HLODRelevant:1 ListedInSceneOutliner:1 IsMainWorldOnly:0
 |   |   |- Guid:9963A32F4C5C53C41C158DAB5DD72B3D BaseClass: NativeClass:/Script/Engine.StaticMeshActor Name:StaticMeshActor_UAID_70A6CCB42B24487402_2033952677 Label:Cube2 SpatiallyLoaded:1 Bounds:IsValid=true, Min=(X=1446.581 Y=1193.781 Z=482.979), Max=(X=1471.841 Y=1545.107 Z=499.939) RuntimeGrid:None EditorOnly:0 RuntimeOnly:0 HLODRelevant:1 ListedInSceneOutliner:1 IsMainWorldOnly:0
 |   |   |- Guid:9CB7270D448FB0C1349595A0281D5730 BaseClass:/Game/Module/Blueprints/Material/TrafficLight_BP1.TrafficLight_BP1_C NativeClass:/Script/Engine.Actor Name:TrafficLight_BP1_C_UAID_70A6CCB42B244A7402_1705491049 Label:TrafficLight_BP5 SpatiallyLoaded:1 Bounds:IsValid=true, Min=(X=1775.000 Y=1491.371 Z=355.000), Max=(X=1925.000 Y=1746.371 Z=505.000) RuntimeGrid:None EditorOnly:0 RuntimeOnly:0 HLODRelevant:0 ListedInSceneOutliner:1 IsMainWorldOnly:0
 |   |   |- Guid:9FE0ED6744AA40756348BEA4D1433156 BaseClass:/Game/Module/Blueprints/Material/TrafficLight_BP1.TrafficLight_BP1_C NativeClass:/Script/Engine.Actor Name:TrafficLight_BP1_C_UAID_70A6CCB42B244A7402_1722602056 Label:TrafficLight_BP7 SpatiallyLoaded:1 Bounds:IsValid=true, Min=(X=1595.000 Y=1051.072 Z=355.000), Max=(X=1745.000 Y=1306.072 Z=505.000) RuntimeGrid:None EditorOnly:0 RuntimeOnly:0 HLODRelevant:0 ListedInSceneOutliner:1 IsMainWorldOnly:0
 |   |   |- Guid:A4AA07A94CEFC56409EC6684349BA1FC BaseClass: NativeClass:/Script/Engine.StaticMeshActor Name:StaticMeshActor_UAID_70A6CCB42B244D7402_1077426592 Label:SM_tewscfuda_tier_0 SpatiallyLoaded:1 Bounds:IsValid=true, Min=(X=2059.000 Y=1697.030 Z=-0.715), Max=(X=2121.156 Y=1763.580 Z=86.964) RuntimeGrid:None EditorOnly:0 RuntimeOnly:0 HLODRelevant:1 ListedInSceneOutliner:1 IsMainWorldOnly:0
 |   |   |- Guid:A65CE83C43C53F9713DEF58D4791B892 BaseClass: NativeClass:/Script/Engine.StaticMeshActor Name:StaticMeshActor_UAID_70A6CCB42B24157C02_1907682140 Label:Cube23 SpatiallyLoaded:1 Bounds:IsValid=true, Min=(X=1946.378 Y=1205.258 Z=-62.899), Max=(X=2378.601 Y=1580.258 Z=37.101) RuntimeGrid:None EditorOnly:0 RuntimeOnly:0 HLODRelevant:1 ListedInSceneOutliner:1 IsMainWorldOnly:0
 |   |   |- Guid:B39A66B141D2E8F269B2A685F227C027 BaseClass: NativeClass:/Script/Engine.StaticMeshActor Name:StaticMeshActor_UAID_70A6CCB42B24167C02_1320212334 Label:Cube32 SpatiallyLoaded:1 Bounds:IsValid=true, Min=(X=1581.593 Y=808.810 Z=-62.899), Max=(X=1959.865 Y=1243.869 Z=37.101) RuntimeGrid:None EditorOnly:0 RuntimeOnly:0 HLODRelevant:1 ListedInSceneOutliner:1 IsMainWorldOnly:0
 |   |   |- Guid:B785ED2844B84CFB91E7F39FE661CD99 BaseClass: NativeClass:/Script/Engine.DirectionalLight Name:DirectionalLight_0 Label:DirectionalLight SpatiallyLoaded:0 Bounds:IsValid=true, Min=(X=-1048576.000 Y=-1048576.000 Z=-1048576.000), Max=(X=1048576.000 Y=1048576.000 Z=1048576.000) RuntimeGrid:None EditorOnly:0 RuntimeOnly:0 HLODRelevant:0 ListedInSceneOutliner:1 IsMainWorldOnly:0 FolderPath:Lighting FolderGuid:963EC3EB4002CCE9759E2EBA541A873A
 |   |   |- Guid:B90DB5634BDE85E87AC7AA824FC0DD65 BaseClass: NativeClass:/Script/Engine.StaticMeshActor Name:StaticMeshActor_UAID_70A6CCB42B244A7402_1647254046 Label:Cube13 SpatiallyLoaded:1 Bounds:IsValid=true, Min=(X=1633.815 Y=1660.083 Z=482.979), Max=(X=1985.140 Y=1685.343 Z=499.939) RuntimeGrid:None EditorOnly:0 RuntimeOnly:0 HLODRelevant:1 ListedInSceneOutliner:1 IsMainWorldOnly:0
 |   |   |- Guid:CCFF262C46EEFFDF319E7F9539CE697E BaseClass: NativeClass:/Script/Engine.SkyAtmosphere Name:SkyAtmosphere_0 Label:SkyAtmosphere SpatiallyLoaded:0 Bounds:IsValid=true, Min=(X=0.000 Y=0.000 Z=1020.000), Max=(X=0.000 Y=0.000 Z=1020.000) RuntimeGrid:None EditorOnly:0 RuntimeOnly:0 HLODRelevant:0 ListedInSceneOutliner:1 IsMainWorldOnly:0 FolderPath:Lighting FolderGuid:963EC3EB4002CCE9759E2EBA541A873A
 |   |   |- Guid:CEEF98AD41728FA8F236D0AC8C5F7244 BaseClass: NativeClass:/Script/Engine.StaticMeshActor Name:StaticMeshActor_UAID_70A6CCB42B244A7402_1722599054 Label:Cube15 SpatiallyLoaded:1 Bounds:IsValid=true, Min=(X=1534.860 Y=1104.657 Z=482.979), Max=(X=1886.185 Y=1129.917 Z=499.939) RuntimeGrid:None EditorOnly:0 RuntimeOnly:0 HLODRelevant:1 ListedInSceneOutliner:1 IsMainWorldOnly:0
 |   |   |- Guid:D7961DB04A60C99F38EEDCAFB12CF1A3 BaseClass: NativeClass:/Script/Engine.StaticMeshActor Name:StaticMeshActor_UAID_70A6CCB42B24167C02_1163034327 Label:Cube28 SpatiallyLoaded:1 Bounds:IsValid=true, Min=(X=1581.593 Y=1558.905 Z=-62.899), Max=(X=1959.865 Y=1993.964 Z=37.101) RuntimeGrid:None EditorOnly:0 RuntimeOnly:0 HLODRelevant:1 ListedInSceneOutliner:1 IsMainWorldOnly:0
 |   |   |- Guid:D8F56ABE483D91349AFC20BF6E9D3FB5 BaseClass: NativeClass:/Script/Engine.StaticMeshActor Name:StaticMeshActor_UAID_70A6CCB42B24167C02_1163032325 Label:Cube17 SpatiallyLoaded:1 Bounds:IsValid=true, Min=(X=748.077 Y=1232.461 Z=-62.899), Max=(X=1180.300 Y=1607.461 Z=37.101) RuntimeGrid:None EditorOnly:0 RuntimeOnly:0 HLODRelevant:1 ListedInSceneOutliner:1 IsMainWorldOnly:0
 |   |   |- Guid:DD8D4A3244874DB00F1C61A9B08BB662 BaseClass: NativeClass:/Script/Engine.StaticMeshActor Name:StaticMeshActor_UAID_70A6CCB42B245C7C02_1494239631 Label:Cube30 SpatiallyLoaded:1 Bounds:IsValid=true, Min=(X=2649.275 Y=1205.258 Z=-62.899), Max=(X=3081.498 Y=1580.258 Z=37.101) RuntimeGrid:None EditorOnly:0 RuntimeOnly:0 HLODRelevant:1 ListedInSceneOutliner:1 IsMainWorldOnly:0
 |   |   |- Guid:DEDE4A3F4AFAA66C6D7F9294D0669739 BaseClass: NativeClass:/Script/Engine.StaticMeshActor Name:StaticMeshActor_UAID_70A6CCB42B244A7402_1191825034 Label:Cube5 SpatiallyLoaded:1 Bounds:IsValid=true, Min=(X=2167.213 Y=1649.843 Z=-3.335), Max=(X=2192.188 Y=1674.737 Z=499.849) RuntimeGrid:None EditorOnly:0 RuntimeOnly:0 HLODRelevant:1 ListedInSceneOutliner:1 IsMainWorldOnly:0
 |   |   |- Guid:DF3D6BE94F00F84F33268183C13BCF77 BaseClass: NativeClass:/Script/Engine.StaticMeshActor Name:StaticMeshActor_UAID_70A6CCB42B24167C02_1363432336 Label:Cube33 SpatiallyLoaded:1 Bounds:IsValid=true, Min=(X=1582.542 Y=377.877 Z=-62.899), Max=(X=1960.814 Y=812.935 Z=37.101) RuntimeGrid:None EditorOnly:0 RuntimeOnly:0 HLODRelevant:1 ListedInSceneOutliner:1 IsMainWorldOnly:0
 |   |   |- Guid:E175FEF8423F56D894EC5DB651C619F9 BaseClass: NativeClass:/Script/Engine.StaticMeshActor Name:StaticMeshActor_UAID_70A6CCB42B24157C02_1885122135 Label:Cube18 SpatiallyLoaded:1 Bounds:IsValid=true, Min=(X=1163.833 Y=1232.461 Z=-62.899), Max=(X=1596.056 Y=1607.461 Z=37.101) RuntimeGrid:None EditorOnly:0 RuntimeOnly:0 HLODRelevant:1 ListedInSceneOutliner:1 IsMainWorldOnly:0
 |   |   |- Guid:E25590524C766626DA27BAABA70CE93D BaseClass: NativeClass:/Script/Engine.StaticMeshActor Name:StaticMeshActor_UAID_70A6CCB42B244A7402_1722598053 Label:Cube14 SpatiallyLoaded:1 Bounds:IsValid=true, Min=(X=1518.499 Y=1105.022 Z=-3.335), Max=(X=1543.392 Y=1129.998 Z=499.849) RuntimeGrid:None EditorOnly:0 RuntimeOnly:0 HLODRelevant:1 ListedInSceneOutliner:1 IsMainWorldOnly:0
 |   |   |- Guid:E728D89A4AF2381F9BF3189D117642C0 BaseClass: NativeClass:/Script/Engine.StaticMeshActor Name:StaticMeshActor_UAID_70A6CCB42B244C7402_2104335413 Label:trash_1 SpatiallyLoaded:1 Bounds:IsValid=true, Min=(X=1944.509 Y=1722.999 Z=-13.359), Max=(X=2037.200 Y=1814.355 Z=86.636) RuntimeGrid:None EditorOnly:0 RuntimeOnly:0 HLODRelevant:1 ListedInSceneOutliner:1 IsMainWorldOnly:0
 |   |   |- Guid:E89E6BD643C3E1B8F48002894FB1119B BaseClass: NativeClass:/Script/Engine.StaticMeshActor Name:StaticMeshActor_UAID_70A6CCB42B24157C02_1904631139 Label:Cube22 SpatiallyLoaded:1 Bounds:IsValid=true, Min=(X=1581.593 Y=2033.995 Z=-62.899), Max=(X=1959.865 Y=2469.054 Z=37.101) RuntimeGrid:None EditorOnly:0 RuntimeOnly:0 HLODRelevant:1 ListedInSceneOutliner:1 IsMainWorldOnly:0
 |   |   |- Guid:EC4E0C944CE6AC6E784BC6BB2916EA13 BaseClass: NativeClass:/Script/Engine.StaticMeshActor Name:StaticMeshActor_UAID_A4AE111137DC5EFB00_1110535423 Label:SM_SkySphere SpatiallyLoaded:0 Bounds:IsValid=true, Min=(X=-1638400.000 Y=-1638400.000 Z=-1638400.000), Max=(X=1638400.000 Y=1638400.000 Z=1638400.000) RuntimeGrid:None EditorOnly:0 RuntimeOnly:0 HLODRelevant:1 ListedInSceneOutliner:1 IsMainWorldOnly:0 FolderPath:Lighting FolderGuid:963EC3EB4002CCE9759E2EBA541A873A
 |   |   |- Guid:F1924B8D48954B30891B2DB6A694F9CC BaseClass: NativeClass:/Script/Engine.StaticMeshActor Name:StaticMeshActor_1 Label:SM_Cube SpatiallyLoaded:1 Bounds:IsValid=true, Min=(X=0.000 Y=0.000 Z=-50.000), Max=(X=3000.000 Y=3500.000 Z=0.000) RuntimeGrid:None EditorOnly:0 RuntimeOnly:0 HLODRelevant:1 ListedInSceneOutliner:1 IsMainWorldOnly:0 FolderPath:Playground FolderGuid:C73F09FC4215536B1DCE2A9E0A830C70
 |   |   |- Guid:F5736B814CB8F7046AB97CBAB6020098 BaseClass: NativeClass:/Script/Engine.StaticMeshActor Name:StaticMeshActor_UAID_70A6CCB42B244D7402_1448777600 Label:trash_6 SpatiallyLoaded:1 Bounds:IsValid=true, Min=(X=1362.407 Y=978.331 Z=-13.359), Max=(X=1489.970 Y=1105.507 Z=86.636) RuntimeGrid:None EditorOnly:0 RuntimeOnly:0 HLODRelevant:1 ListedInSceneOutliner:1 IsMainWorldOnly:0
 |   |   |- Guid:F59C20C947D2B60DC7F6A289EAE65BC6 BaseClass: NativeClass:/Script/Engine.StaticMeshActor Name:StaticMeshActor_UAID_70A6CCB42B24167C02_1103336322 Label:Cube29 SpatiallyLoaded:1 Bounds:IsValid=true, Min=(X=2217.550 Y=1205.258 Z=-62.899), Max=(X=2649.773 Y=1580.258 Z=37.101) RuntimeGrid:None EditorOnly:0 RuntimeOnly:0 HLODRelevant:1 ListedInSceneOutliner:1 IsMainWorldOnly:0
 |   |   |- Guid:F5E3FEB3450C49844FD93DA8E083C8AD BaseClass: NativeClass:/Script/Engine.PostProcessVolume Name:PostProcessVolume_0 Label:PostProcessVolume SpatiallyLoaded:0 Bounds:IsValid=true, Min=(X=0.000 Y=0.000 Z=400.000), Max=(X=200.000 Y=200.000 Z=600.000) RuntimeGrid:None EditorOnly:0 RuntimeOnly:0 HLODRelevant:0 ListedInSceneOutliner:1 IsMainWorldOnly:0 FolderPath:Lighting FolderGuid:963EC3EB4002CCE9759E2EBA541A873A
 |   |   |- Guid:FAF31FFE45E0C4F2BC30608486FC0D8D BaseClass: NativeClass:/Script/Engine.StaticMeshActor Name:StaticMeshActor_UAID_70A6CCB42B244D7402_1079190593 Label:SM_tewscfuda_tier_1 SpatiallyLoaded:1 Bounds:IsValid=true, Min=(X=1934.818 Y=1884.941 Z=-0.715), Max=(X=2025.750 Y=1975.332 Z=86.964) RuntimeGrid:None EditorOnly:0 RuntimeOnly:0 HLODRelevant:1 ListedInSceneOutliner:1 IsMainWorldOnly:0
 |   |- [+] Clusters:
 |   |   |- [+] [  0]
 |   |   |   |- Guid:013E359C4BBFA39B88C2C9B7C231DD4D BaseClass:/Game/Module/Blueprints/Material/TrafficLight_BP.TrafficLight_BP_C NativeClass:/Script/Engine.Actor Name:TrafficLight_BP_C_UAID_70A6CCB42B24497402_1090387854 Label:TrafficLight_BP SpatiallyLoaded:1 Bounds:IsValid=true, Min=(X=1397.625 Y=1465.374 Z=416.779), Max=(X=1573.470 Y=1568.812 Z=520.217) RuntimeGrid:None EditorOnly:0 RuntimeOnly:0 HLODRelevant:0 ListedInSceneOutliner:1 IsMainWorldOnly:0
 |   |   |- [+] [  1]
 |   |   |   |- Guid:0C119B66413948B240B2D0A8FF3D3E09 BaseClass: NativeClass:/Script/Engine.StaticMeshActor Name:StaticMeshActor_UAID_70A6CCB42B24167C02_1138798323 Label:Cube24 SpatiallyLoaded:1 Bounds:IsValid=true, Min=(X=1581.593 Y=1667.423 Z=-62.899), Max=(X=1959.865 Y=2102.481 Z=37.101) RuntimeGrid:None EditorOnly:0 RuntimeOnly:0 HLODRelevant:1 ListedInSceneOutliner:1 IsMainWorldOnly:0
 |   |   |- [+] [  2]
 |   |   |   |- Guid:0C34BAE844B644761C45E9AE255ADB19 BaseClass: NativeClass:/Script/Engine.StaticMeshActor Name:StaticMeshActor_UAID_70A6CCB42B244D7402_1437963597 Label:SM_tewscfuda_tier_2 SpatiallyLoaded:1 Bounds:IsValid=true, Min=(X=1473.950 Y=1697.030 Z=-0.715), Max=(X=1536.105 Y=1763.580 Z=86.964) RuntimeGrid:None EditorOnly:0 RuntimeOnly:0 HLODRelevant:1 ListedInSceneOutliner:1 IsMainWorldOnly:0
 |   |   |- [+] [  3]
 |   |   |   |- Guid:10E0C4D7410F08E13F34A280AA7D80F3 BaseClass: NativeClass:/Script/Engine.StaticMeshActor Name:StaticMeshActor_UAID_70A6CCB42B244C7402_2121144415 Label:trash_3 SpatiallyLoaded:1 Bounds:IsValid=true, Min=(X=2014.509 Y=1762.999 Z=-13.359), Max=(X=2107.200 Y=1854.355 Z=86.636) RuntimeGrid:None EditorOnly:0 RuntimeOnly:0 HLODRelevant:1 ListedInSceneOutliner:1 IsMainWorldOnly:0
 |   |   |- [+] [  4]
 |   |   |   |- Guid:1E3AF0DD43F4E3BB329DBE8E956F38A3 BaseClass: NativeClass:/Script/Engine.StaticMeshActor Name:StaticMeshActor_UAID_70A6CCB42B244C7402_2115257414 Label:trash_2 SpatiallyLoaded:1 Bounds:IsValid=true, Min=(X=1954.509 Y=1802.999 Z=-13.359), Max=(X=2047.200 Y=1894.355 Z=86.636) RuntimeGrid:None EditorOnly:0 RuntimeOnly:0 HLODRelevant:1 ListedInSceneOutliner:1 IsMainWorldOnly:0
 |   |   |- [+] [  5]
 |   |   |   |- Guid:217689DA4BAA4AAEEE5146A6E245A5A8 BaseClass: NativeClass:/Script/Engine.StaticMeshActor Name:StaticMeshActor_UAID_70A6CCB42B24167C02_1397808337 Label:iz_49_clean_lowpoly2 SpatiallyLoaded:1 Bounds:IsValid=true, Min=(X=1784.812 Y=769.241 Z=37.101), Max=(X=1965.192 Y=1017.533 Z=158.926) RuntimeGrid:None EditorOnly:0 RuntimeOnly:0 HLODRelevant:1 ListedInSceneOutliner:1 IsMainWorldOnly:0
 |   |   |- [+] [  6]
 |   |   |   |- Guid:2FB58999456391D349DC0F86DAC136ED BaseClass: NativeClass:/Script/Engine.SkyLight Name:SkyLight_1 Label:SkyLight SpatiallyLoaded:0 Bounds:IsValid=true, Min=(X=0.000 Y=0.000 Z=690.000), Max=(X=0.000 Y=0.000 Z=690.000) RuntimeGrid:None EditorOnly:0 RuntimeOnly:0 HLODRelevant:0 ListedInSceneOutliner:1 IsMainWorldOnly:0 FolderPath:Lighting FolderGuid:963EC3EB4002CCE9759E2EBA541A873A
 |   |   |- [+] [  7]
 |   |   |   |- Guid:30AA9D9A4995E01787695587F5FE83FD BaseClass:/Game/Module/Blueprints/Material/TrafficLight_BP.TrafficLight_BP_C NativeClass:/Script/Engine.Actor Name:TrafficLight_BP_C_UAID_70A6CCB42B244A7402_1191828036 Label:TrafficLight_BP3 SpatiallyLoaded:1 Bounds:IsValid=true, Min=(X=2065.219 Y=1283.344 Z=416.779), Max=(X=2241.063 Y=1386.782 Z=520.217) RuntimeGrid:None EditorOnly:0 RuntimeOnly:0 HLODRelevant:0 ListedInSceneOutliner:1 IsMainWorldOnly:0
 |   |   |- [+] [  8]
 |   |   |   |- Guid:316CF2A6494ACA4C0E4180A87D36AB8F BaseClass: NativeClass:/Script/Engine.ExponentialHeightFog Name:ExponentialHeightFog_0 Label:ExponentialHeightFog SpatiallyLoaded:0 Bounds:IsValid=true, Min=(X=-5600.000 Y=-50.000 Z=-6850.000), Max=(X=-5600.000 Y=-50.000 Z=-6850.000) RuntimeGrid:None EditorOnly:0 RuntimeOnly:0 HLODRelevant:0 ListedInSceneOutliner:1 IsMainWorldOnly:0 FolderPath:Lighting FolderGuid:963EC3EB4002CCE9759E2EBA541A873A
 |   |   |- [+] [  9]
 |   |   |   |- Guid:3A00AA1C422CE54C0BDB60BAF471BFBB BaseClass: NativeClass:/Script/Engine.PlayerStart Name:PlayerStart_0 Label:PlayerStart SpatiallyLoaded:0 Bounds:IsValid=true, Min=(X=860.000 Y=1070.000 Z=0.013), Max=(X=940.000 Y=1150.000 Z=184.013) RuntimeGrid:None EditorOnly:0 RuntimeOnly:0 HLODRelevant:0 ListedInSceneOutliner:1 IsMainWorldOnly:0
 |   |   |- [+] [ 10]
 |   |   |   |- Guid:446B04A445943A21BFBA65A5F07EF434 BaseClass: NativeClass:/Script/Engine.StaticMeshActor Name:StaticMeshActor_UAID_70A6CCB42B24167C02_1140822324 Label:Cube26 SpatiallyLoaded:1 Bounds:IsValid=true, Min=(X=1581.593 Y=1558.905 Z=-62.899), Max=(X=1959.865 Y=1993.964 Z=37.101) RuntimeGrid:None EditorOnly:0 RuntimeOnly:0 HLODRelevant:1 ListedInSceneOutliner:1 IsMainWorldOnly:0
 |   |   |- [+] [ 11]
 |   |   |   |- Guid:496BDC0F405F92500F711386F736F440 BaseClass: NativeClass:/Script/Engine.StaticMeshActor Name:StaticMeshActor_UAID_70A6CCB42B244A7402_1647251045 Label:Cube12 SpatiallyLoaded:1 Bounds:IsValid=true, Min=(X=1976.608 Y=1660.002 Z=-3.335), Max=(X=2001.501 Y=1684.978 Z=499.849) RuntimeGrid:None EditorOnly:0 RuntimeOnly:0 HLODRelevant:1 ListedInSceneOutliner:1 IsMainWorldOnly:0
 |   |   |- [+] [ 12]
 |   |   |   |- Guid:4D3BE93F4146AAAC8BBE79999D96D57F BaseClass: NativeClass:/Script/Engine.VolumetricCloud Name:VolumetricCloud_0 Label:VolumetricCloud SpatiallyLoaded:0 Bounds:IsValid=true, Min=(X=0.000 Y=0.000 Z=820.000), Max=(X=0.000 Y=0.000 Z=820.000) RuntimeGrid:None EditorOnly:0 RuntimeOnly:0 HLODRelevant:0 ListedInSceneOutliner:1 IsMainWorldOnly:0 FolderPath:Lighting FolderGuid:963EC3EB4002CCE9759E2EBA541A873A
 |   |   |- [+] [ 13]
 |   |   |   |- Guid:4F49DFB3418F4A827899F6B19A562D44 BaseClass: NativeClass:/Script/Engine.StaticMeshActor Name:StaticMeshActor_UAID_70A6CCB42B244D7402_1442016598 Label:trash_4 SpatiallyLoaded:1 Bounds:IsValid=true, Min=(X=1953.169 Y=978.331 Z=-13.359), Max=(X=2080.733 Y=1105.507 Z=86.636) RuntimeGrid:None EditorOnly:0 RuntimeOnly:0 HLODRelevant:1 ListedInSceneOutliner:1 IsMainWorldOnly:0
 |   |   |- [+] [ 14]
 |   |   |   |- Guid:53B8323949649386D60BCBB105284432 BaseClass: NativeClass:/Script/Engine.StaticMeshActor Name:StaticMeshActor_UAID_70A6CCB42B24167C02_1163033326 Label:Cube27 SpatiallyLoaded:1 Bounds:IsValid=true, Min=(X=1581.593 Y=2033.995 Z=-62.899), Max=(X=1959.865 Y=2469.054 Z=37.101) RuntimeGrid:None EditorOnly:0 RuntimeOnly:0 HLODRelevant:1 ListedInSceneOutliner:1 IsMainWorldOnly:0
 |   |   |- [+] [ 15]
 |   |   |   |- Guid:5A60E74B4C40D2D402DB7E9995427709 BaseClass: NativeClass:/Script/Engine.StaticMeshActor Name:StaticMeshActor_UAID_70A6CCB42B24487402_1989620676 Label:Cube SpatiallyLoaded:1 Bounds:IsValid=true, Min=(X=1446.500 Y=1177.420 Z=-3.335), Max=(X=1471.476 Y=1202.314 Z=499.849) RuntimeGrid:None EditorOnly:0 RuntimeOnly:0 HLODRelevant:1 ListedInSceneOutliner:1 IsMainWorldOnly:0
 |   |   |- [+] [ 16]
 |   |   |   |- Guid:5D0A3FFE4575579B434B6AA43A660093 BaseClass: NativeClass:/Script/Engine.StaticMeshActor Name:StaticMeshActor_UAID_70A6CCB42B24167C02_1267057332 Label:Cube34 SpatiallyLoaded:1 Bounds:IsValid=true, Min=(X=1593.250 Y=1240.548 Z=-62.899), Max=(X=1948.208 Y=1561.790 Z=37.101) RuntimeGrid:None EditorOnly:0 RuntimeOnly:0 HLODRelevant:1 ListedInSceneOutliner:1 IsMainWorldOnly:0
 |   |   |- [+] [ 17]
 |   |   |   |- Guid:6BAF4DDD444C60371492D3919DB42C97 BaseClass: NativeClass:/Script/Engine.WorldDataLayers Name:WorldDataLayers Label:WorldDataLayers SpatiallyLoaded:0 Bounds:IsValid=true, Min=(X=0.000 Y=0.000 Z=0.000), Max=(X=0.000 Y=0.000 Z=0.000) RuntimeGrid:None EditorOnly:0 RuntimeOnly:0 HLODRelevant:0 ListedInSceneOutliner:1 IsMainWorldOnly:1
 |   |   |- [+] [ 18]
 |   |   |   |- Guid:73BFF12C47864702724FD987A59581FC BaseClass: NativeClass:/Script/Engine.StaticMeshActor Name:StaticMeshActor_UAID_70A6CCB42B244D7402_1442018599 Label:trash_5 SpatiallyLoaded:1 Bounds:IsValid=true, Min=(X=2005.292 Y=1039.839 Z=-13.359), Max=(X=2132.856 Y=1167.015 Z=86.636) RuntimeGrid:None EditorOnly:0 RuntimeOnly:0 HLODRelevant:1 ListedInSceneOutliner:1 IsMainWorldOnly:0
 |   |   |- [+] [ 19]
 |   |   |   |- Guid:93983E034904F949F817DE9B77A47874 BaseClass: NativeClass:/Script/Engine.StaticMeshActor Name:StaticMeshActor_UAID_70A6CCB42B244D7402_1884607603 Label:iz_49_clean_lowpoly SpatiallyLoaded:1 Bounds:IsValid=true, Min=(X=1549.985 Y=2046.274 Z=37.350), Max=(X=1727.414 Y=2292.449 Z=159.174) RuntimeGrid:None EditorOnly:0 RuntimeOnly:0 HLODRelevant:1 ListedInSceneOutliner:1 IsMainWorldOnly:0
 |   |   |- [+] [ 20]
 |   |   |   |- Guid:98F4BD8642BF75313F74B1879179AB85 BaseClass: NativeClass:/Script/Engine.StaticMeshActor Name:StaticMeshActor_UAID_70A6CCB42B244A7402_1191827035 Label:Cube6 SpatiallyLoaded:1 Bounds:IsValid=true, Min=(X=2166.847 Y=1307.050 Z=482.979), Max=(X=2192.108 Y=1658.376 Z=499.939) RuntimeGrid:None EditorOnly:0 RuntimeOnly:0 HLODRelevant:1 ListedInSceneOutliner:1 IsMainWorldOnly:0
 |   |   |- [+] [ 21]
 |   |   |   |- Guid:9963A32F4C5C53C41C158DAB5DD72B3D BaseClass: NativeClass:/Script/Engine.StaticMeshActor Name:StaticMeshActor_UAID_70A6CCB42B24487402_2033952677 Label:Cube2 SpatiallyLoaded:1 Bounds:IsValid=true, Min=(X=1446.581 Y=1193.781 Z=482.979), Max=(X=1471.841 Y=1545.107 Z=499.939) RuntimeGrid:None EditorOnly:0 RuntimeOnly:0 HLODRelevant:1 ListedInSceneOutliner:1 IsMainWorldOnly:0
 |   |   |- [+] [ 22]
 |   |   |   |- Guid:9CB7270D448FB0C1349595A0281D5730 BaseClass:/Game/Module/Blueprints/Material/TrafficLight_BP1.TrafficLight_BP1_C NativeClass:/Script/Engine.Actor Name:TrafficLight_BP1_C_UAID_70A6CCB42B244A7402_1705491049 Label:TrafficLight_BP5 SpatiallyLoaded:1 Bounds:IsValid=true, Min=(X=1775.000 Y=1491.371 Z=355.000), Max=(X=1925.000 Y=1746.371 Z=505.000) RuntimeGrid:None EditorOnly:0 RuntimeOnly:0 HLODRelevant:0 ListedInSceneOutliner:1 IsMainWorldOnly:0
 |   |   |- [+] [ 23]
 |   |   |   |- Guid:9FE0ED6744AA40756348BEA4D1433156 BaseClass:/Game/Module/Blueprints/Material/TrafficLight_BP1.TrafficLight_BP1_C NativeClass:/Script/Engine.Actor Name:TrafficLight_BP1_C_UAID_70A6CCB42B244A7402_1722602056 Label:TrafficLight_BP7 SpatiallyLoaded:1 Bounds:IsValid=true, Min=(X=1595.000 Y=1051.072 Z=355.000), Max=(X=1745.000 Y=1306.072 Z=505.000) RuntimeGrid:None EditorOnly:0 RuntimeOnly:0 HLODRelevant:0 ListedInSceneOutliner:1 IsMainWorldOnly:0
 |   |   |- [+] [ 24]
 |   |   |   |- Guid:A4AA07A94CEFC56409EC6684349BA1FC BaseClass: NativeClass:/Script/Engine.StaticMeshActor Name:StaticMeshActor_UAID_70A6CCB42B244D7402_1077426592 Label:SM_tewscfuda_tier_0 SpatiallyLoaded:1 Bounds:IsValid=true, Min=(X=2059.000 Y=1697.030 Z=-0.715), Max=(X=2121.156 Y=1763.580 Z=86.964) RuntimeGrid:None EditorOnly:0 RuntimeOnly:0 HLODRelevant:1 ListedInSceneOutliner:1 IsMainWorldOnly:0
 |   |   |- [+] [ 25]
 |   |   |   |- Guid:A65CE83C43C53F9713DEF58D4791B892 BaseClass: NativeClass:/Script/Engine.StaticMeshActor Name:StaticMeshActor_UAID_70A6CCB42B24157C02_1907682140 Label:Cube23 SpatiallyLoaded:1 Bounds:IsValid=true, Min=(X=1946.378 Y=1205.258 Z=-62.899), Max=(X=2378.601 Y=1580.258 Z=37.101) RuntimeGrid:None EditorOnly:0 RuntimeOnly:0 HLODRelevant:1 ListedInSceneOutliner:1 IsMainWorldOnly:0
 |   |   |- [+] [ 26]
 |   |   |   |- Guid:B39A66B141D2E8F269B2A685F227C027 BaseClass: NativeClass:/Script/Engine.StaticMeshActor Name:StaticMeshActor_UAID_70A6CCB42B24167C02_1320212334 Label:Cube32 SpatiallyLoaded:1 Bounds:IsValid=true, Min=(X=1581.593 Y=808.810 Z=-62.899), Max=(X=1959.865 Y=1243.869 Z=37.101) RuntimeGrid:None EditorOnly:0 RuntimeOnly:0 HLODRelevant:1 ListedInSceneOutliner:1 IsMainWorldOnly:0
 |   |   |- [+] [ 27]
 |   |   |   |- Guid:B785ED2844B84CFB91E7F39FE661CD99 BaseClass: NativeClass:/Script/Engine.DirectionalLight Name:DirectionalLight_0 Label:DirectionalLight SpatiallyLoaded:0 Bounds:IsValid=true, Min=(X=-1048576.000 Y=-1048576.000 Z=-1048576.000), Max=(X=1048576.000 Y=1048576.000 Z=1048576.000) RuntimeGrid:None EditorOnly:0 RuntimeOnly:0 HLODRelevant:0 ListedInSceneOutliner:1 IsMainWorldOnly:0 FolderPath:Lighting FolderGuid:963EC3EB4002CCE9759E2EBA541A873A
 |   |   |- [+] [ 28]
 |   |   |   |- Guid:B90DB5634BDE85E87AC7AA824FC0DD65 BaseClass: NativeClass:/Script/Engine.StaticMeshActor Name:StaticMeshActor_UAID_70A6CCB42B244A7402_1647254046 Label:Cube13 SpatiallyLoaded:1 Bounds:IsValid=true, Min=(X=1633.815 Y=1660.083 Z=482.979), Max=(X=1985.140 Y=1685.343 Z=499.939) RuntimeGrid:None EditorOnly:0 RuntimeOnly:0 HLODRelevant:1 ListedInSceneOutliner:1 IsMainWorldOnly:0
 |   |   |- [+] [ 29]
 |   |   |   |- Guid:CCFF262C46EEFFDF319E7F9539CE697E BaseClass: NativeClass:/Script/Engine.SkyAtmosphere Name:SkyAtmosphere_0 Label:SkyAtmosphere SpatiallyLoaded:0 Bounds:IsValid=true, Min=(X=0.000 Y=0.000 Z=1020.000), Max=(X=0.000 Y=0.000 Z=1020.000) RuntimeGrid:None EditorOnly:0 RuntimeOnly:0 HLODRelevant:0 ListedInSceneOutliner:1 IsMainWorldOnly:0 FolderPath:Lighting FolderGuid:963EC3EB4002CCE9759E2EBA541A873A
 |   |   |- [+] [ 30]
 |   |   |   |- Guid:CEEF98AD41728FA8F236D0AC8C5F7244 BaseClass: NativeClass:/Script/Engine.StaticMeshActor Name:StaticMeshActor_UAID_70A6CCB42B244A7402_1722599054 Label:Cube15 SpatiallyLoaded:1 Bounds:IsValid=true, Min=(X=1534.860 Y=1104.657 Z=482.979), Max=(X=1886.185 Y=1129.917 Z=499.939) RuntimeGrid:None EditorOnly:0 RuntimeOnly:0 HLODRelevant:1 ListedInSceneOutliner:1 IsMainWorldOnly:0
 |   |   |- [+] [ 31]
 |   |   |   |- Guid:D7961DB04A60C99F38EEDCAFB12CF1A3 BaseClass: NativeClass:/Script/Engine.StaticMeshActor Name:StaticMeshActor_UAID_70A6CCB42B24167C02_1163034327 Label:Cube28 SpatiallyLoaded:1 Bounds:IsValid=true, Min=(X=1581.593 Y=1558.905 Z=-62.899), Max=(X=1959.865 Y=1993.964 Z=37.101) RuntimeGrid:None EditorOnly:0 RuntimeOnly:0 HLODRelevant:1 ListedInSceneOutliner:1 IsMainWorldOnly:0
 |   |   |- [+] [ 32]
 |   |   |   |- Guid:D8F56ABE483D91349AFC20BF6E9D3FB5 BaseClass: NativeClass:/Script/Engine.StaticMeshActor Name:StaticMeshActor_UAID_70A6CCB42B24167C02_1163032325 Label:Cube17 SpatiallyLoaded:1 Bounds:IsValid=true, Min=(X=748.077 Y=1232.461 Z=-62.899), Max=(X=1180.300 Y=1607.461 Z=37.101) RuntimeGrid:None EditorOnly:0 RuntimeOnly:0 HLODRelevant:1 ListedInSceneOutliner:1 IsMainWorldOnly:0
 |   |   |- [+] [ 33]
 |   |   |   |- Guid:DD8D4A3244874DB00F1C61A9B08BB662 BaseClass: NativeClass:/Script/Engine.StaticMeshActor Name:StaticMeshActor_UAID_70A6CCB42B245C7C02_1494239631 Label:Cube30 SpatiallyLoaded:1 Bounds:IsValid=true, Min=(X=2649.275 Y=1205.258 Z=-62.899), Max=(X=3081.498 Y=1580.258 Z=37.101) RuntimeGrid:None EditorOnly:0 RuntimeOnly:0 HLODRelevant:1 ListedInSceneOutliner:1 IsMainWorldOnly:0
 |   |   |- [+] [ 34]
 |   |   |   |- Guid:DEDE4A3F4AFAA66C6D7F9294D0669739 BaseClass: NativeClass:/Script/Engine.StaticMeshActor Name:StaticMeshActor_UAID_70A6CCB42B244A7402_1191825034 Label:Cube5 SpatiallyLoaded:1 Bounds:IsValid=true, Min=(X=2167.213 Y=1649.843 Z=-3.335), Max=(X=2192.188 Y=1674.737 Z=499.849) RuntimeGrid:None EditorOnly:0 RuntimeOnly:0 HLODRelevant:1 ListedInSceneOutliner:1 IsMainWorldOnly:0
 |   |   |- [+] [ 35]
 |   |   |   |- Guid:DF3D6BE94F00F84F33268183C13BCF77 BaseClass: NativeClass:/Script/Engine.StaticMeshActor Name:StaticMeshActor_UAID_70A6CCB42B24167C02_1363432336 Label:Cube33 SpatiallyLoaded:1 Bounds:IsValid=true, Min=(X=1582.542 Y=377.877 Z=-62.899), Max=(X=1960.814 Y=812.935 Z=37.101) RuntimeGrid:None EditorOnly:0 RuntimeOnly:0 HLODRelevant:1 ListedInSceneOutliner:1 IsMainWorldOnly:0
 |   |   |- [+] [ 36]
 |   |   |   |- Guid:E175FEF8423F56D894EC5DB651C619F9 BaseClass: NativeClass:/Script/Engine.StaticMeshActor Name:StaticMeshActor_UAID_70A6CCB42B24157C02_1885122135 Label:Cube18 SpatiallyLoaded:1 Bounds:IsValid=true, Min=(X=1163.833 Y=1232.461 Z=-62.899), Max=(X=1596.056 Y=1607.461 Z=37.101) RuntimeGrid:None EditorOnly:0 RuntimeOnly:0 HLODRelevant:1 ListedInSceneOutliner:1 IsMainWorldOnly:0
 |   |   |- [+] [ 37]
 |   |   |   |- Guid:E25590524C766626DA27BAABA70CE93D BaseClass: NativeClass:/Script/Engine.StaticMeshActor Name:StaticMeshActor_UAID_70A6CCB42B244A7402_1722598053 Label:Cube14 SpatiallyLoaded:1 Bounds:IsValid=true, Min=(X=1518.499 Y=1105.022 Z=-3.335), Max=(X=1543.392 Y=1129.998 Z=499.849) RuntimeGrid:None EditorOnly:0 RuntimeOnly:0 HLODRelevant:1 ListedInSceneOutliner:1 IsMainWorldOnly:0
 |   |   |- [+] [ 38]
 |   |   |   |- Guid:E728D89A4AF2381F9BF3189D117642C0 BaseClass: NativeClass:/Script/Engine.StaticMeshActor Name:StaticMeshActor_UAID_70A6CCB42B244C7402_2104335413 Label:trash_1 SpatiallyLoaded:1 Bounds:IsValid=true, Min=(X=1944.509 Y=1722.999 Z=-13.359), Max=(X=2037.200 Y=1814.355 Z=86.636) RuntimeGrid:None EditorOnly:0 RuntimeOnly:0 HLODRelevant:1 ListedInSceneOutliner:1 IsMainWorldOnly:0
 |   |   |- [+] [ 39]
 |   |   |   |- Guid:E89E6BD643C3E1B8F48002894FB1119B BaseClass: NativeClass:/Script/Engine.StaticMeshActor Name:StaticMeshActor_UAID_70A6CCB42B24157C02_1904631139 Label:Cube22 SpatiallyLoaded:1 Bounds:IsValid=true, Min=(X=1581.593 Y=2033.995 Z=-62.899), Max=(X=1959.865 Y=2469.054 Z=37.101) RuntimeGrid:None EditorOnly:0 RuntimeOnly:0 HLODRelevant:1 ListedInSceneOutliner:1 IsMainWorldOnly:0
 |   |   |- [+] [ 40]
 |   |   |   |- Guid:EC4E0C944CE6AC6E784BC6BB2916EA13 BaseClass: NativeClass:/Script/Engine.StaticMeshActor Name:StaticMeshActor_UAID_A4AE111137DC5EFB00_1110535423 Label:SM_SkySphere SpatiallyLoaded:0 Bounds:IsValid=true, Min=(X=-1638400.000 Y=-1638400.000 Z=-1638400.000), Max=(X=1638400.000 Y=1638400.000 Z=1638400.000) RuntimeGrid:None EditorOnly:0 RuntimeOnly:0 HLODRelevant:1 ListedInSceneOutliner:1 IsMainWorldOnly:0 FolderPath:Lighting FolderGuid:963EC3EB4002CCE9759E2EBA541A873A
 |   |   |- [+] [ 41]
 |   |   |   |- Guid:F1924B8D48954B30891B2DB6A694F9CC BaseClass: NativeClass:/Script/Engine.StaticMeshActor Name:StaticMeshActor_1 Label:SM_Cube SpatiallyLoaded:1 Bounds:IsValid=true, Min=(X=0.000 Y=0.000 Z=-50.000), Max=(X=3000.000 Y=3500.000 Z=0.000) RuntimeGrid:None EditorOnly:0 RuntimeOnly:0 HLODRelevant:1 ListedInSceneOutliner:1 IsMainWorldOnly:0 FolderPath:Playground FolderGuid:C73F09FC4215536B1DCE2A9E0A830C70
 |   |   |- [+] [ 42]
 |   |   |   |- Guid:F5736B814CB8F7046AB97CBAB6020098 BaseClass: NativeClass:/Script/Engine.StaticMeshActor Name:StaticMeshActor_UAID_70A6CCB42B244D7402_1448777600 Label:trash_6 SpatiallyLoaded:1 Bounds:IsValid=true, Min=(X=1362.407 Y=978.331 Z=-13.359), Max=(X=1489.970 Y=1105.507 Z=86.636) RuntimeGrid:None EditorOnly:0 RuntimeOnly:0 HLODRelevant:1 ListedInSceneOutliner:1 IsMainWorldOnly:0
 |   |   |- [+] [ 43]
 |   |   |   |- Guid:F59C20C947D2B60DC7F6A289EAE65BC6 BaseClass: NativeClass:/Script/Engine.StaticMeshActor Name:StaticMeshActor_UAID_70A6CCB42B24167C02_1103336322 Label:Cube29 SpatiallyLoaded:1 Bounds:IsValid=true, Min=(X=2217.550 Y=1205.258 Z=-62.899), Max=(X=2649.773 Y=1580.258 Z=37.101) RuntimeGrid:None EditorOnly:0 RuntimeOnly:0 HLODRelevant:1 ListedInSceneOutliner:1 IsMainWorldOnly:0
 |   |   |- [+] [ 44]
 |   |   |   |- Guid:F5E3FEB3450C49844FD93DA8E083C8AD BaseClass: NativeClass:/Script/Engine.PostProcessVolume Name:PostProcessVolume_0 Label:PostProcessVolume SpatiallyLoaded:0 Bounds:IsValid=true, Min=(X=0.000 Y=0.000 Z=400.000), Max=(X=200.000 Y=200.000 Z=600.000) RuntimeGrid:None EditorOnly:0 RuntimeOnly:0 HLODRelevant:0 ListedInSceneOutliner:1 IsMainWorldOnly:0 FolderPath:Lighting FolderGuid:963EC3EB4002CCE9759E2EBA541A873A
 |   |   |- [+] [ 45]
 |   |   |   |- Guid:FAF31FFE45E0C4F2BC30608486FC0D8D BaseClass: NativeClass:/Script/Engine.StaticMeshActor Name:StaticMeshActor_UAID_70A6CCB42B244D7402_1079190593 Label:SM_tewscfuda_tier_1 SpatiallyLoaded:1 Bounds:IsValid=true, Min=(X=1934.818 Y=1884.941 Z=-0.715), Max=(X=2025.750 Y=1975.332 Z=86.964) RuntimeGrid:None EditorOnly:0 RuntimeOnly:0 HLODRelevant:1 ListedInSceneOutliner:1 IsMainWorldOnly:0
 |- ContainerInstances:
 |- [+] MainContainer:
 |   |-        ID: 00000000000000000000000000000000
 |   |-  ParentID: 00000000000000000000000000000000
 |   |-    Bounds: IsValid=false, Min=(X=0.000 Y=0.000 Z=0.000), Max=(X=0.000 Y=0.000 Z=0.000)
 |   |- Transform: 0.000000,0.000000,0.000000|0.000000,0.000000,-0.000000|1.000000,1.000000,1.000000
 |   |- Container: /Game/ThirdPerson/Maps/ThirdPersonMap
----------------------------------------------------------------------------------------------------------------
ThirdPersonMap - Persistent Level
----------------------------------------------------------------------------------------------------------------
[+] Content of ThirdPersonMap Persistent Level
 |- Always loaded Actor Count: 46 
 |- Actor Path: /Game/ThirdPerson/Maps/ThirdPersonMap.ThirdPersonMap:PersistentLevel.DirectionalLight_0
 |- Actor Package: /Game/__ExternalActors__/ThirdPerson/Maps/ThirdPersonMap/5/R1/TS5OQ5CRUWFZYL1ZQ7I416
 |- Actor Path: /Game/ThirdPerson/Maps/ThirdPersonMap.ThirdPersonMap:PersistentLevel.ExponentialHeightFog_0
 |- Actor Package: /Game/__ExternalActors__/ThirdPerson/Maps/ThirdPersonMap/6/J7/N10XDC9G27EMLS5AGZ6AVV
 |- Actor Path: /Game/ThirdPerson/Maps/ThirdPersonMap.ThirdPersonMap:PersistentLevel.PlayerStart_0
 |- Actor Package: /Game/__ExternalActors__/ThirdPerson/Maps/ThirdPersonMap/D/DE/SWSI13675DVYIZ0N4NF7Y3
 |- Actor Path: /Game/ThirdPerson/Maps/ThirdPersonMap.ThirdPersonMap:PersistentLevel.PostProcessVolume_0
 |- Actor Package: /Game/__ExternalActors__/ThirdPerson/Maps/ThirdPersonMap/1/AZ/A7GPT109Y6ZTTJD4A7TXER
 |- Actor Path: /Game/ThirdPerson/Maps/ThirdPersonMap.ThirdPersonMap:PersistentLevel.SkyAtmosphere_0
 |- Actor Package: /Game/__ExternalActors__/ThirdPerson/Maps/ThirdPersonMap/4/LN/30UBDLYFFA5ZR7U4W4L4GG
 |- Actor Path: /Game/ThirdPerson/Maps/ThirdPersonMap.ThirdPersonMap:PersistentLevel.SkyLight_1
 |- Actor Package: /Game/__ExternalActors__/ThirdPerson/Maps/ThirdPersonMap/8/S1/DXUWD12MD3HRWVVXX076BY
 |- Actor Path: /Game/ThirdPerson/Maps/ThirdPersonMap.ThirdPersonMap:PersistentLevel.StaticMeshActor_1
 |- Actor Package: /Game/__ExternalActors__/ThirdPerson/Maps/ThirdPersonMap/6/YO/NG2R9BPZVA7ZDN0Z4VSTG6
 |- Actor Path: /Game/ThirdPerson/Maps/ThirdPersonMap.ThirdPersonMap:PersistentLevel.StaticMeshActor_UAID_70A6CCB42B24157C02_1885122135
 |- Actor Package: /Game/__ExternalActors__/ThirdPerson/Maps/ThirdPersonMap/2/7M/DESJQQ1UT0ZPEFTFN0CZG9
 |- Actor Path: /Game/ThirdPerson/Maps/ThirdPersonMap.ThirdPersonMap:PersistentLevel.StaticMeshActor_UAID_70A6CCB42B24157C02_1904631139
 |- Actor Package: /Game/__ExternalActors__/ThirdPerson/Maps/ThirdPersonMap/9/30/RSDIMYYLG2V1S088E2X4A0
 |- Actor Path: /Game/ThirdPerson/Maps/ThirdPersonMap.ThirdPersonMap:PersistentLevel.StaticMeshActor_UAID_70A6CCB42B24157C02_1907682140
 |- Actor Package: /Game/__ExternalActors__/ThirdPerson/Maps/ThirdPersonMap/1/6N/OZUCIH39LA6C5165YYHIWU
 |- Actor Path: /Game/ThirdPerson/Maps/ThirdPersonMap.ThirdPersonMap:PersistentLevel.StaticMeshActor_UAID_70A6CCB42B24167C02_1103336322
 |- Actor Package: /Game/__ExternalActors__/ThirdPerson/Maps/ThirdPersonMap/5/TV/VMTW6Q7B4UNX6MXXJMO0QG
 |- Actor Path: /Game/ThirdPerson/Maps/ThirdPersonMap.ThirdPersonMap:PersistentLevel.StaticMeshActor_UAID_70A6CCB42B24167C02_1138798323
 |- Actor Package: /Game/__ExternalActors__/ThirdPerson/Maps/ThirdPersonMap/3/2K/L4SC5AUXS3JJ5ZA7XBPIXB
 |- Actor Path: /Game/ThirdPerson/Maps/ThirdPersonMap.ThirdPersonMap:PersistentLevel.StaticMeshActor_UAID_70A6CCB42B24167C02_1140822324
 |- Actor Package: /Game/__ExternalActors__/ThirdPerson/Maps/ThirdPersonMap/A/ST/NC6FGO2OSRID8Y3WGZ1G6M
 |- Actor Path: /Game/ThirdPerson/Maps/ThirdPersonMap.ThirdPersonMap:PersistentLevel.StaticMeshActor_UAID_70A6CCB42B24167C02_1163032325
 |- Actor Package: /Game/__ExternalActors__/ThirdPerson/Maps/ThirdPersonMap/2/U6/LEWF201PWR1YA87R250W9M
 |- Actor Path: /Game/ThirdPerson/Maps/ThirdPersonMap.ThirdPersonMap:PersistentLevel.StaticMeshActor_UAID_70A6CCB42B24167C02_1163033326
 |- Actor Package: /Game/__ExternalActors__/ThirdPerson/Maps/ThirdPersonMap/2/DE/PWNTWMACF2YPEL194RD85W
 |- Actor Path: /Game/ThirdPerson/Maps/ThirdPersonMap.ThirdPersonMap:PersistentLevel.StaticMeshActor_UAID_70A6CCB42B24167C02_1163034327
 |- Actor Package: /Game/__ExternalActors__/ThirdPerson/Maps/ThirdPersonMap/4/FA/OSVH7YYGER4O9SKY6I48OC
 |- Actor Path: /Game/ThirdPerson/Maps/ThirdPersonMap.ThirdPersonMap:PersistentLevel.StaticMeshActor_UAID_70A6CCB42B24167C02_1267057332
 |- Actor Package: /Game/__ExternalActors__/ThirdPerson/Maps/ThirdPersonMap/8/6S/45XV4WH1S919J2ETF9VUXQ
 |- Actor Path: /Game/ThirdPerson/Maps/ThirdPersonMap.ThirdPersonMap:PersistentLevel.StaticMeshActor_UAID_70A6CCB42B24167C02_1320212334
 |- Actor Package: /Game/__ExternalActors__/ThirdPerson/Maps/ThirdPersonMap/9/FI/Y67RX0N2HOEEXA9RPXWU39
 |- Actor Path: /Game/ThirdPerson/Maps/ThirdPersonMap.ThirdPersonMap:PersistentLevel.StaticMeshActor_UAID_70A6CCB42B24167C02_1363432336
 |- Actor Package: /Game/__ExternalActors__/ThirdPerson/Maps/ThirdPersonMap/E/9D/G1WSJWA688E7X5LLHKPW4Q
 |- Actor Path: /Game/ThirdPerson/Maps/ThirdPersonMap.ThirdPersonMap:PersistentLevel.StaticMeshActor_UAID_70A6CCB42B24167C02_1397808337
 |- Actor Package: /Game/__ExternalActors__/ThirdPerson/Maps/ThirdPersonMap/B/ZA/Q5VETQDNMOT90B9IA33S73
 |- Actor Path: /Game/ThirdPerson/Maps/ThirdPersonMap.ThirdPersonMap:PersistentLevel.StaticMeshActor_UAID_70A6CCB42B24487402_1989620676
 |- Actor Package: /Game/__ExternalActors__/ThirdPerson/Maps/ThirdPersonMap/0/XR/Q1X10BFYWBBVWFU8OMUCOU
 |- Actor Path: /Game/ThirdPerson/Maps/ThirdPersonMap.ThirdPersonMap:PersistentLevel.StaticMeshActor_UAID_70A6CCB42B24487402_2033952677
 |- Actor Package: /Game/__ExternalActors__/ThirdPerson/Maps/ThirdPersonMap/A/2F/L41E2SWZGQ3G4FA7PVW5QJ
 |- Actor Path: /Game/ThirdPerson/Maps/ThirdPersonMap.ThirdPersonMap:PersistentLevel.StaticMeshActor_UAID_70A6CCB42B244A7402_1191825034
 |- Actor Package: /Game/__ExternalActors__/ThirdPerson/Maps/ThirdPersonMap/7/UB/EGG6C92YCTNOVQ001VF9UL
 |- Actor Path: /Game/ThirdPerson/Maps/ThirdPersonMap.ThirdPersonMap:PersistentLevel.StaticMeshActor_UAID_70A6CCB42B244A7402_1191827035
 |- Actor Package: /Game/__ExternalActors__/ThirdPerson/Maps/ThirdPersonMap/2/4J/NP793NQX98UBE2ILS942OR
 |- Actor Path: /Game/ThirdPerson/Maps/ThirdPersonMap.ThirdPersonMap:PersistentLevel.StaticMeshActor_UAID_70A6CCB42B244A7402_1647251045
 |- Actor Package: /Game/__ExternalActors__/ThirdPerson/Maps/ThirdPersonMap/5/6L/G0X6LCXN1F7TTLUW7O5HXA
 |- Actor Path: /Game/ThirdPerson/Maps/ThirdPersonMap.ThirdPersonMap:PersistentLevel.StaticMeshActor_UAID_70A6CCB42B244A7402_1647254046
 |- Actor Package: /Game/__ExternalActors__/ThirdPerson/Maps/ThirdPersonMap/1/8U/422NRETW3M8OGEIRKMQ8TE
 |- Actor Path: /Game/ThirdPerson/Maps/ThirdPersonMap.ThirdPersonMap:PersistentLevel.StaticMeshActor_UAID_70A6CCB42B244A7402_1722598053
 |- Actor Package: /Game/__ExternalActors__/ThirdPerson/Maps/ThirdPersonMap/8/2M/4G7588GOEE6SKOLJ0I9LFW
 |- Actor Path: /Game/ThirdPerson/Maps/ThirdPersonMap.ThirdPersonMap:PersistentLevel.StaticMeshActor_UAID_70A6CCB42B244A7402_1722599054
 |- Actor Package: /Game/__ExternalActors__/ThirdPerson/Maps/ThirdPersonMap/4/VO/YO97SOC4AKTSIT35IIQ3AQ
 |- Actor Path: /Game/ThirdPerson/Maps/ThirdPersonMap.ThirdPersonMap:PersistentLevel.StaticMeshActor_UAID_70A6CCB42B244C7402_2104335413
 |- Actor Package: /Game/__ExternalActors__/ThirdPerson/Maps/ThirdPersonMap/9/DT/ILA20PB1J6XAZLJGLZXWJC
 |- Actor Path: /Game/ThirdPerson/Maps/ThirdPersonMap.ThirdPersonMap:PersistentLevel.StaticMeshActor_UAID_70A6CCB42B244C7402_2115257414
 |- Actor Package: /Game/__ExternalActors__/ThirdPerson/Maps/ThirdPersonMap/5/1O/PCS19HHGQJM0DE5HSTEOKL
 |- Actor Path: /Game/ThirdPerson/Maps/ThirdPersonMap.ThirdPersonMap:PersistentLevel.StaticMeshActor_UAID_70A6CCB42B244C7402_2121144415
 |- Actor Package: /Game/__ExternalActors__/ThirdPerson/Maps/ThirdPersonMap/8/6O/GD2XI3UG7PTL2YJPMHIWIV
 |- Actor Path: /Game/ThirdPerson/Maps/ThirdPersonMap.ThirdPersonMap:PersistentLevel.StaticMeshActor_UAID_70A6CCB42B244D7402_1077426592
 |- Actor Package: /Game/__ExternalActors__/ThirdPerson/Maps/ThirdPersonMap/1/7Y/WSXHCCMPOK7J8OKUJ2U2QH
 |- Actor Path: /Game/ThirdPerson/Maps/ThirdPersonMap.ThirdPersonMap:PersistentLevel.StaticMeshActor_UAID_70A6CCB42B244D7402_1079190593
 |- Actor Package: /Game/__ExternalActors__/ThirdPerson/Maps/ThirdPersonMap/4/MM/HJ9T3L4N26OYYWHP5IILRH
 |- Actor Path: /Game/ThirdPerson/Maps/ThirdPersonMap.ThirdPersonMap:PersistentLevel.StaticMeshActor_UAID_70A6CCB42B244D7402_1437963597
 |- Actor Package: /Game/__ExternalActors__/ThirdPerson/Maps/ThirdPersonMap/6/F9/VG1KQ688IE9AO4B9AV8IFH
 |- Actor Path: /Game/ThirdPerson/Maps/ThirdPersonMap.ThirdPersonMap:PersistentLevel.StaticMeshActor_UAID_70A6CCB42B244D7402_1442016598
 |- Actor Package: /Game/__ExternalActors__/ThirdPerson/Maps/ThirdPersonMap/1/64/DQOC0BL8HNW8O9H5SO6JOC
 |- Actor Path: /Game/ThirdPerson/Maps/ThirdPersonMap.ThirdPersonMap:PersistentLevel.StaticMeshActor_UAID_70A6CCB42B244D7402_1442018599
 |- Actor Package: /Game/__ExternalActors__/ThirdPerson/Maps/ThirdPersonMap/B/TC/UBFI41EBKZ0TZJILATPXL4
 |- Actor Path: /Game/ThirdPerson/Maps/ThirdPersonMap.ThirdPersonMap:PersistentLevel.StaticMeshActor_UAID_70A6CCB42B244D7402_1448777600
 |- Actor Package: /Game/__ExternalActors__/ThirdPerson/Maps/ThirdPersonMap/9/LR/HTF9LYOEJ4R6U9MV4QKS3E
 |- Actor Path: /Game/ThirdPerson/Maps/ThirdPersonMap.ThirdPersonMap:PersistentLevel.StaticMeshActor_UAID_70A6CCB42B244D7402_1884607603
 |- Actor Package: /Game/__ExternalActors__/ThirdPerson/Maps/ThirdPersonMap/E/9D/0WR9C6IBIVFNAEIX4J92SL
 |- Actor Path: /Game/ThirdPerson/Maps/ThirdPersonMap.ThirdPersonMap:PersistentLevel.StaticMeshActor_UAID_70A6CCB42B245C7C02_1494239631
 |- Actor Package: /Game/__ExternalActors__/ThirdPerson/Maps/ThirdPersonMap/E/PM/GCQ4QZWP9C6ZS3EN2UC67S
 |- Actor Path: /Game/ThirdPerson/Maps/ThirdPersonMap.ThirdPersonMap:PersistentLevel.StaticMeshActor_UAID_A4AE111137DC5EFB00_1110535423
 |- Actor Package: /Game/__ExternalActors__/ThirdPerson/Maps/ThirdPersonMap/4/PN/2QISIGK5DJNQ05US8O8FXW
 |- Actor Path: /Game/ThirdPerson/Maps/ThirdPersonMap.ThirdPersonMap:PersistentLevel.TrafficLight_BP1_C_UAID_70A6CCB42B244A7402_1705491049
 |- Actor Package: /Game/__ExternalActors__/ThirdPerson/Maps/ThirdPersonMap/8/W9/GYQH3H1VOZOUOPL1KWCYW8
 |- Actor Path: /Game/ThirdPerson/Maps/ThirdPersonMap.ThirdPersonMap:PersistentLevel.TrafficLight_BP1_C_UAID_70A6CCB42B244A7402_1722602056
 |- Actor Package: /Game/__ExternalActors__/ThirdPerson/Maps/ThirdPersonMap/2/RJ/XNC1W5QY5W7VAMYZ6IRONX
 |- Actor Path: /Game/ThirdPerson/Maps/ThirdPersonMap.ThirdPersonMap:PersistentLevel.TrafficLight_BP_C_UAID_70A6CCB42B24497402_1090387854
 |- Actor Package: /Game/__ExternalActors__/ThirdPerson/Maps/ThirdPersonMap/1/AB/1RE8YLAZH5X2VT5CIV3W5Y
 |- Actor Path: /Game/ThirdPerson/Maps/ThirdPersonMap.ThirdPersonMap:PersistentLevel.TrafficLight_BP_C_UAID_70A6CCB42B244A7402_1191828036
 |- Actor Package: /Game/__ExternalActors__/ThirdPerson/Maps/ThirdPersonMap/5/JU/EQTXR4TWWCX8G4R92OW4LW
 |- Actor Path: /Game/ThirdPerson/Maps/ThirdPersonMap.ThirdPersonMap:PersistentLevel.VolumetricCloud_0
 |- Actor Package: /Game/__ExternalActors__/ThirdPerson/Maps/ThirdPersonMap/3/EY/87SHEJN5UBEAN2K5OV1G6R
 |- Actor Path: /Game/ThirdPerson/Maps/ThirdPersonMap.ThirdPersonMap:PersistentLevel.WorldDataLayers
 |- Actor Package: /Game/__ExternalActors__/ThirdPerson/Maps/ThirdPersonMap/0/43/HYQWORMY4JDQ5X3OKZXFLC

----------------------------------------------------------------------------------------------------------------
ThirdPersonMap - Runtime Hash Set
----------------------------------------------------------------------------------------------------------------

